This is pdfTeX, Version 3.141592653-2.6-1.40.25 (TeX Live 2023) (preloaded format=pdflatex 2023.3.31)  28 OCT 2024 18:48
entering extended mode
 restricted \write18 enabled.
 file:line:error style messages enabled.
 %&-line parsing enabled.
**c:/Users/MUNCHFA/Documents/GitHub/giz-pema-consortias/master/cf_paper_tables_preview
(c:/Users/MUNCHFA/Documents/GitHub/giz-pema-consortias/master/cf_paper_tables_preview.tex
LaTeX2e <2022-11-01> patch level 1
L3 programming layer <2023-02-22> (c:/texlive/2023/texmf-dist/tex/latex/extsizes/extarticle.cls
Document Class: extarticle 1996/10/08 v1.0 Non Standard LaTeX document class
(c:/texlive/2023/texmf-dist/tex/latex/base/size10.clo
File: size10.clo 2022/07/02 v1.4n Standard LaTeX file (size option)
) (c:/texlive/2023/texmf-dist/tex/latex/base/exscale.sty
Package: exscale 2018/09/24 v2.1i Standard LaTeX package exscale
LaTeX Font Info:    Redeclaring symbol font `largesymbols' on input line 57.
LaTeX Font Info:    Overwriting symbol font `largesymbols' in version `normal'
(Font)                  OMX/cmex/m/n --> OMX/cmex/m/n on input line 57.
LaTeX Font Info:    Overwriting symbol font `largesymbols' in version `bold'
(Font)                  OMX/cmex/m/n --> OMX/cmex/m/n on input line 57.
\big@size=\dimen140
)
\c@part=\count185
\c@section=\count186
\c@subsection=\count187
\c@subsubsection=\count188
\c@paragraph=\count189
\c@subparagraph=\count190
\c@figure=\count191
\c@table=\count192
\abovecaptionskip=\skip48
\belowcaptionskip=\skip49
\bibindent=\dimen141
) (c:/texlive/2023/texmf-dist/tex/latex/base/inputenc.sty
Package: inputenc 2021/02/14 v1.3d Input encoding file
\inpenc@prehook=\toks16
\inpenc@posthook=\toks17
) (c:/texlive/2023/texmf-dist/tex/latex/xcolor/xcolor.sty
Package: xcolor 2022/06/12 v2.14 LaTeX color extensions (UK)
 (c:/texlive/2023/texmf-dist/tex/latex/graphics-cfg/color.cfg
File: color.cfg 2016/01/02 v1.6 sample color configuration
)
Package xcolor Info: Driver file: pdftex.def on input line 227.
 (c:/texlive/2023/texmf-dist/tex/latex/graphics-def/pdftex.def
File: pdftex.def 2022/09/22 v1.2b Graphics/color driver for pdftex
) (c:/texlive/2023/texmf-dist/tex/latex/colortbl/colortbl.sty
Package: colortbl 2022/06/20 v1.0f Color table columns (DPC)
 (c:/texlive/2023/texmf-dist/tex/latex/tools/array.sty
Package: array 2022/09/04 v2.5g Tabular extension package (FMi)
\col@sep=\dimen142
\ar@mcellbox=\box51
\extrarowheight=\dimen143
\NC@list=\toks18
\extratabsurround=\skip50
\backup@length=\skip51
\ar@cellbox=\box52
)
\everycr=\toks19
\minrowclearance=\skip52
\rownum=\count193
) (c:/texlive/2023/texmf-dist/tex/latex/graphics/mathcolor.ltx)
Package xcolor Info: Model `cmy' substituted by `cmy0' on input line 1353.
Package xcolor Info: Model `hsb' substituted by `rgb' on input line 1357.
Package xcolor Info: Model `RGB' extended on input line 1369.
Package xcolor Info: Model `HTML' substituted by `rgb' on input line 1371.
Package xcolor Info: Model `Hsb' substituted by `hsb' on input line 1372.
Package xcolor Info: Model `tHsb' substituted by `hsb' on input line 1373.
Package xcolor Info: Model `HSB' substituted by `hsb' on input line 1374.
Package xcolor Info: Model `Gray' substituted by `gray' on input line 1375.
Package xcolor Info: Model `wave' substituted by `hsb' on input line 1376.
) (c:/texlive/2023/texmf-dist/tex/generic/ulem/ulem.sty
\UL@box=\box53
\UL@hyphenbox=\box54
\UL@skip=\skip53
\UL@hook=\toks20
\UL@height=\dimen144
\UL@pe=\count194
\UL@pixel=\dimen145
\ULC@box=\box55
Package: ulem 2019/11/18
\ULdepth=\dimen146
) (c:/texlive/2023/texmf-dist/tex/latex/appendix/appendix.sty
Package: appendix 2020/02/08 v1.2c extra appendix facilities
\c@@pps=\count195
\c@@ppsavesec=\count196
\c@@ppsaveapp=\count197
) (c:/texlive/2023/texmf-dist/tex/latex/amsmath/amsmath.sty
Package: amsmath 2022/04/08 v2.17n AMS math features
\@mathmargin=\skip54

For additional information on amsmath, use the `?' option.
(c:/texlive/2023/texmf-dist/tex/latex/amsmath/amstext.sty
Package: amstext 2021/08/26 v2.01 AMS text
 (c:/texlive/2023/texmf-dist/tex/latex/amsmath/amsgen.sty
File: amsgen.sty 1999/11/30 v2.0 generic functions
\@emptytoks=\toks21
\ex@=\dimen147
)) (c:/texlive/2023/texmf-dist/tex/latex/amsmath/amsbsy.sty
Package: amsbsy 1999/11/29 v1.2d Bold Symbols
\pmbraise@=\dimen148
) (c:/texlive/2023/texmf-dist/tex/latex/amsmath/amsopn.sty
Package: amsopn 2022/04/08 v2.04 operator names
)
\inf@bad=\count198
LaTeX Info: Redefining \frac on input line 234.
\uproot@=\count199
\leftroot@=\count266
LaTeX Info: Redefining \overline on input line 399.
LaTeX Info: Redefining \colon on input line 410.
\classnum@=\count267
\DOTSCASE@=\count268
LaTeX Info: Redefining \ldots on input line 496.
LaTeX Info: Redefining \dots on input line 499.
LaTeX Info: Redefining \cdots on input line 620.
\Mathstrutbox@=\box56
\strutbox@=\box57
LaTeX Info: Redefining \big on input line 722.
LaTeX Info: Redefining \Big on input line 723.
LaTeX Info: Redefining \bigg on input line 724.
LaTeX Info: Redefining \Bigg on input line 725.
\big@size=\dimen149
LaTeX Font Info:    Redeclaring font encoding OML on input line 743.
LaTeX Font Info:    Redeclaring font encoding OMS on input line 744.
\macc@depth=\count269
LaTeX Info: Redefining \bmod on input line 905.
LaTeX Info: Redefining \pmod on input line 910.
LaTeX Info: Redefining \smash on input line 940.
LaTeX Info: Redefining \relbar on input line 970.
LaTeX Info: Redefining \Relbar on input line 971.
\c@MaxMatrixCols=\count270
\dotsspace@=\muskip16
\c@parentequation=\count271
\dspbrk@lvl=\count272
\tag@help=\toks22
\row@=\count273
\column@=\count274
\maxfields@=\count275
\andhelp@=\toks23
\eqnshift@=\dimen150
\alignsep@=\dimen151
\tagshift@=\dimen152
\tagwidth@=\dimen153
\totwidth@=\dimen154
\lineht@=\dimen155
\@envbody=\toks24
\multlinegap=\skip55
\multlinetaggap=\skip56
\mathdisplay@stack=\toks25
LaTeX Info: Redefining \[ on input line 2953.
LaTeX Info: Redefining \] on input line 2954.
) (c:/texlive/2023/texmf-dist/tex/latex/booktabs/booktabs.sty
Package: booktabs 2020/01/12 v1.61803398 Publication quality tables
\heavyrulewidth=\dimen156
\lightrulewidth=\dimen157
\cmidrulewidth=\dimen158
\belowrulesep=\dimen159
\belowbottomsep=\dimen160
\aboverulesep=\dimen161
\abovetopsep=\dimen162
\cmidrulesep=\dimen163
\cmidrulekern=\dimen164
\defaultaddspace=\dimen165
\@cmidla=\count276
\@cmidlb=\count277
\@aboverulesep=\dimen166
\@belowrulesep=\dimen167
\@thisruleclass=\count278
\@lastruleclass=\count279
\@thisrulewidth=\dimen168
) (c:/texlive/2023/texmf-dist/tex/latex/multirow/multirow.sty
Package: multirow 2021/03/15 v2.8 Span multiple rows of a table
\multirow@colwidth=\skip57
\multirow@cntb=\count280
\multirow@dima=\skip58
\bigstrutjot=\dimen169
) (c:/texlive/2023/texmf-dist/tex/latex/amsfonts/amssymb.sty
Package: amssymb 2013/01/14 v3.01 AMS font symbols
 (c:/texlive/2023/texmf-dist/tex/latex/amsfonts/amsfonts.sty
Package: amsfonts 2013/01/14 v3.01 Basic AMSFonts support
\symAMSa=\mathgroup4
\symAMSb=\mathgroup5
LaTeX Font Info:    Redeclaring math symbol \hbar on input line 98.
LaTeX Font Info:    Overwriting math alphabet `\mathfrak' in version `bold'
(Font)                  U/euf/m/n --> U/euf/b/n on input line 106.
)) (c:/texlive/2023/texmf-dist/tex/latex/pdflscape/pdflscape.sty
Package: pdflscape 2022-10-27 v0.13 Display of landscape pages in PDF
 (c:/texlive/2023/texmf-dist/tex/latex/pdflscape/pdflscape-nometadata.sty
Package: pdflscape-nometadata 2022-10-28 v0.13 Display of landscape pages in PDF (HO)
 (c:/texlive/2023/texmf-dist/tex/generic/iftex/iftex.sty
Package: iftex 2022/02/03 v1.0f TeX engine tests
) (c:/texlive/2023/texmf-dist/tex/latex/graphics/lscape.sty
Package: lscape 2020/05/28 v3.02 Landscape Pages (DPC)
 (c:/texlive/2023/texmf-dist/tex/latex/graphics/graphics.sty
Package: graphics 2022/03/10 v1.4e Standard LaTeX Graphics (DPC,SPQR)
 (c:/texlive/2023/texmf-dist/tex/latex/graphics/trig.sty
Package: trig 2021/08/11 v1.11 sin cos tan (DPC)
) (c:/texlive/2023/texmf-dist/tex/latex/graphics-cfg/graphics.cfg
File: graphics.cfg 2016/06/04 v1.11 sample graphics configuration
)
Package graphics Info: Driver file: pdftex.def on input line 107.
))
Package pdflscape Info: Auto-detected driver: pdftex on input line 81.
)) (c:/texlive/2023/texmf-dist/tex/latex/caption/caption.sty
Package: caption 2023/03/12 v3.6j Customizing captions (AR)
 (c:/texlive/2023/texmf-dist/tex/latex/caption/caption3.sty
Package: caption3 2023/03/12 v2.4 caption3 kernel (AR)
 (c:/texlive/2023/texmf-dist/tex/latex/graphics/keyval.sty
Package: keyval 2022/05/29 v1.15 key=value parser (DPC)
\KV@toks@=\toks26
)
\caption@tempdima=\dimen170
\captionmargin=\dimen171
\caption@leftmargin=\dimen172
\caption@rightmargin=\dimen173
\caption@width=\dimen174
\caption@indent=\dimen175
\caption@parindent=\dimen176
\caption@hangindent=\dimen177
Package caption Info: Standard document class detected.
)
\c@caption@flags=\count281
\c@continuedfloat=\count282
) (c:/texlive/2023/texmf-dist/tex/latex/caption/subcaption.sty
Package: subcaption 2023/02/19 v1.6 Sub-captions (AR)
Package caption Info: New subtype `subfigure' on input line 239.
\c@subfigure=\count283
Package caption Info: New subtype `subtable' on input line 239.
\c@subtable=\count284
) (c:/texlive/2023/texmf-dist/tex/latex/float/float.sty
Package: float 2001/11/08 v1.3d Float enhancements (AL)
\c@float@type=\count285
\float@exts=\toks27
\float@box=\box58
\@float@everytoks=\toks28
\@floatcapt=\box59
) (c:/texlive/2023/texmf-dist/tex/latex/natbib/natbib.sty
Package: natbib 2010/09/13 8.31b (PWD, AO)
\bibhang=\skip59
\bibsep=\skip60
LaTeX Info: Redefining \cite on input line 694.
\c@NAT@ctr=\count286
) (c:/texlive/2023/texmf-dist/tex/latex/comment/comment.sty
\CommentStream=\write3
 Excluding comment 'comment') (c:/texlive/2023/texmf-dist/tex/latex/graphics/graphicx.sty
Package: graphicx 2021/09/16 v1.2d Enhanced LaTeX Graphics (DPC,SPQR)
\Gin@req@height=\dimen178
\Gin@req@width=\dimen179
) (c:/texlive/2023/texmf-dist/tex/latex/placeins/placeins.sty
Package: placeins 2005/04/18  v 2.2
) (c:/texlive/2023/texmf-dist/tex/latex/adjustbox/adjustbox.sty
Package: adjustbox 2022/10/17 v1.3a Adjusting TeX boxes (trim, clip, ...)
 (c:/texlive/2023/texmf-dist/tex/latex/xkeyval/xkeyval.sty
Package: xkeyval 2022/06/16 v2.9 package option processing (HA)
 (c:/texlive/2023/texmf-dist/tex/generic/xkeyval/xkeyval.tex (c:/texlive/2023/texmf-dist/tex/generic/xkeyval/xkvutils.tex
\XKV@toks=\toks29
\XKV@tempa@toks=\toks30
)
\XKV@depth=\count287
File: xkeyval.tex 2014/12/03 v2.7a key=value parser (HA)
)) (c:/texlive/2023/texmf-dist/tex/latex/adjustbox/adjcalc.sty
Package: adjcalc 2012/05/16 v1.1 Provides advanced setlength with multiple back-ends (calc, etex, pgfmath)
) (c:/texlive/2023/texmf-dist/tex/latex/adjustbox/trimclip.sty
Package: trimclip 2020/08/19 v1.2 Trim and clip general TeX material
 (c:/texlive/2023/texmf-dist/tex/latex/collectbox/collectbox.sty
Package: collectbox 2022/10/17 v0.4c Collect macro arguments as boxes
\collectedbox=\box60
)
\tc@llx=\dimen180
\tc@lly=\dimen181
\tc@urx=\dimen182
\tc@ury=\dimen183
Package trimclip Info: Using driver 'tc-pdftex.def'.
 (c:/texlive/2023/texmf-dist/tex/latex/adjustbox/tc-pdftex.def
File: tc-pdftex.def 2019/01/04 v2.2 Clipping driver for pdftex
))
\adjbox@Width=\dimen184
\adjbox@Height=\dimen185
\adjbox@Depth=\dimen186
\adjbox@Totalheight=\dimen187
\adjbox@pwidth=\dimen188
\adjbox@pheight=\dimen189
\adjbox@pdepth=\dimen190
\adjbox@ptotalheight=\dimen191
 (c:/texlive/2023/texmf-dist/tex/latex/ifoddpage/ifoddpage.sty
Package: ifoddpage 2022/10/18 v1.2 Conditionals for odd/even page detection
\c@checkoddpage=\count288
) (c:/texlive/2023/texmf-dist/tex/latex/varwidth/varwidth.sty
Package: varwidth 2009/03/30 ver 0.92;  Variable-width minipages
\@vwid@box=\box61
\sift@deathcycles=\count289
\@vwid@loff=\dimen192
\@vwid@roff=\dimen193
)) (c:/texlive/2023/texmf-dist/tex/latex/threeparttable/threeparttable.sty
Package: threeparttable 2003/06/13  v 3.0
\@tempboxb=\box62
) (c:/texlive/2023/texmf-dist/tex/latex/graphics/rotating.sty
Package: rotating 2016/08/11 v2.16d rotated objects in LaTeX
 (c:/texlive/2023/texmf-dist/tex/latex/base/ifthen.sty
Package: ifthen 2022/04/13 v1.1d Standard LaTeX ifthen package (DPC)
)
\c@r@tfl@t=\count290
\rotFPtop=\skip61
\rotFPbot=\skip62
\rot@float@box=\box63
\rot@mess@toks=\toks31
) (c:/texlive/2023/texmf-dist/tex/latex/tools/tabularx.sty
Package: tabularx 2020/01/15 v2.11c `tabularx' package (DPC)
\TX@col@width=\dimen194
\TX@old@table=\dimen195
\TX@old@col=\dimen196
\TX@target=\dimen197
\TX@delta=\dimen198
\TX@cols=\count291
\TX@ftn=\toks32
) (c:/texlive/2023/texmf-dist/tex/latex/preprint/authblk.sty
Package: authblk 2001/02/27 1.3 (PWD)
\affilsep=\skip63
\@affilsep=\skip64
\c@Maxaffil=\count292
\c@authors=\count293
\c@affil=\count294
) (c:/texlive/2023/texmf-dist/tex/latex/makecell/makecell.sty
Package: makecell 2009/08/03 V0.1e Managing of Tab Column Heads and Cells
\rotheadsize=\dimen199
\c@nlinenum=\count295
\TeXr@lab=\toks33
) (c:/texlive/2023/texmf-dist/tex/latex/setspace/setspace.sty
Package: setspace 2022/12/04 v6.7b set line spacing
)

c:/Users/MUNCHFA/Documents/GitHub/giz-pema-consortias/master/cf_paper_tables_preview.tex:36: LaTeX Error: Option clash for package xcolor.

See the LaTeX manual or LaTeX Companion for explanation.
Type  H <return>  for immediate help.
 ...                                              
                                                  
l.36 \usepackage
                [gen]{eurosym}
The package xcolor has already been loaded with options:
  [table,xcdraw]
There has now been an attempt to load it with options
  [dvipsnames]
Adding the global options:
  table,xcdraw,dvipsnames
to your \documentclass declaration may fix this.
Try typing  <return>  to proceed.

(c:/texlive/2023/texmf-dist/tex/latex/eurosym/eurosym.sty
Package: eurosym 1998/08/06 v1.1 European currency symbol ``Euro''
\@eurobox=\box64
) (c:/texlive/2023/texmf-dist/tex/latex/geometry/geometry.sty
Package: geometry 2020/01/02 v5.9 Page Geometry
 (c:/texlive/2023/texmf-dist/tex/generic/iftex/ifvtex.sty
Package: ifvtex 2019/10/25 v1.7 ifvtex legacy package. Use iftex instead.
)
\Gm@cnth=\count296
\Gm@cntv=\count297
\c@Gm@tempcnt=\count298
\Gm@bindingoffset=\dimen256
\Gm@wd@mp=\dimen257
\Gm@odd@mp=\dimen258
\Gm@even@mp=\dimen259
\Gm@layoutwidth=\dimen260
\Gm@layoutheight=\dimen261
\Gm@layouthoffset=\dimen262
\Gm@layoutvoffset=\dimen263
\Gm@dimlist=\toks34
) (c:/texlive/2023/texmf-dist/tex/latex/hyperref/hyperref.sty
Package: hyperref 2023-02-07 v7.00v Hypertext links for LaTeX
 (c:/texlive/2023/texmf-dist/tex/generic/ltxcmds/ltxcmds.sty
Package: ltxcmds 2020-05-10 v1.25 LaTeX kernel commands for general use (HO)
) (c:/texlive/2023/texmf-dist/tex/generic/pdftexcmds/pdftexcmds.sty
Package: pdftexcmds 2020-06-27 v0.33 Utility functions of pdfTeX for LuaTeX (HO)
 (c:/texlive/2023/texmf-dist/tex/generic/infwarerr/infwarerr.sty
Package: infwarerr 2019/12/03 v1.5 Providing info/warning/error messages (HO)
)
Package pdftexcmds Info: \pdf@primitive is available.
Package pdftexcmds Info: \pdf@ifprimitive is available.
Package pdftexcmds Info: \pdfdraftmode found.
) (c:/texlive/2023/texmf-dist/tex/latex/kvsetkeys/kvsetkeys.sty
Package: kvsetkeys 2022-10-05 v1.19 Key value parser (HO)
) (c:/texlive/2023/texmf-dist/tex/generic/kvdefinekeys/kvdefinekeys.sty
Package: kvdefinekeys 2019-12-19 v1.6 Define keys (HO)
) (c:/texlive/2023/texmf-dist/tex/generic/pdfescape/pdfescape.sty
Package: pdfescape 2019/12/09 v1.15 Implements pdfTeX's escape features (HO)
) (c:/texlive/2023/texmf-dist/tex/latex/hycolor/hycolor.sty
Package: hycolor 2020-01-27 v1.10 Color options for hyperref/bookmark (HO)
) (c:/texlive/2023/texmf-dist/tex/latex/letltxmacro/letltxmacro.sty
Package: letltxmacro 2019/12/03 v1.6 Let assignment for LaTeX macros (HO)
) (c:/texlive/2023/texmf-dist/tex/latex/auxhook/auxhook.sty
Package: auxhook 2019-12-17 v1.6 Hooks for auxiliary files (HO)
) (c:/texlive/2023/texmf-dist/tex/latex/hyperref/nameref.sty
Package: nameref 2022-05-17 v2.50 Cross-referencing by name of section
 (c:/texlive/2023/texmf-dist/tex/latex/refcount/refcount.sty
Package: refcount 2019/12/15 v3.6 Data extraction from label references (HO)
) (c:/texlive/2023/texmf-dist/tex/generic/gettitlestring/gettitlestring.sty
Package: gettitlestring 2019/12/15 v1.6 Cleanup title references (HO)
 (c:/texlive/2023/texmf-dist/tex/latex/kvoptions/kvoptions.sty
Package: kvoptions 2022-06-15 v3.15 Key value format for package options (HO)
))
\c@section@level=\count299
)
\@linkdim=\dimen264
\Hy@linkcounter=\count300
\Hy@pagecounter=\count301
 (c:/texlive/2023/texmf-dist/tex/latex/hyperref/pd1enc.def
File: pd1enc.def 2023-02-07 v7.00v Hyperref: PDFDocEncoding definition (HO)
Now handling font encoding PD1 ...
... no UTF-8 mapping file for font encoding PD1
) (c:/texlive/2023/texmf-dist/tex/generic/intcalc/intcalc.sty
Package: intcalc 2019/12/15 v1.3 Expandable calculations with integers (HO)
) (c:/texlive/2023/texmf-dist/tex/generic/etexcmds/etexcmds.sty
Package: etexcmds 2019/12/15 v1.7 Avoid name clashes with e-TeX commands (HO)
)
\Hy@SavedSpaceFactor=\count302
 (c:/texlive/2023/texmf-dist/tex/latex/hyperref/puenc.def
File: puenc.def 2023-02-07 v7.00v Hyperref: PDF Unicode definition (HO)
Now handling font encoding PU ...
... no UTF-8 mapping file for font encoding PU
)
Package hyperref Info: Hyper figures OFF on input line 4177.
Package hyperref Info: Link nesting OFF on input line 4182.
Package hyperref Info: Hyper index ON on input line 4185.
Package hyperref Info: Plain pages OFF on input line 4192.
Package hyperref Info: Backreferencing OFF on input line 4197.
Package hyperref Info: Implicit mode ON; LaTeX internals redefined.
Package hyperref Info: Bookmarks ON on input line 4425.
\c@Hy@tempcnt=\count303
 (c:/texlive/2023/texmf-dist/tex/latex/url/url.sty
\Urlmuskip=\muskip17
Package: url 2013/09/16  ver 3.4  Verb mode for urls, etc.
)
LaTeX Info: Redefining \url on input line 4763.
\XeTeXLinkMargin=\dimen265
 (c:/texlive/2023/texmf-dist/tex/generic/bitset/bitset.sty
Package: bitset 2019/12/09 v1.3 Handle bit-vector datatype (HO)
 (c:/texlive/2023/texmf-dist/tex/generic/bigintcalc/bigintcalc.sty
Package: bigintcalc 2019/12/15 v1.5 Expandable calculations on big integers (HO)
))
\Fld@menulength=\count304
\Field@Width=\dimen266
\Fld@charsize=\dimen267
Package hyperref Info: Hyper figures OFF on input line 6042.
Package hyperref Info: Link nesting OFF on input line 6047.
Package hyperref Info: Hyper index ON on input line 6050.
Package hyperref Info: backreferencing OFF on input line 6057.
Package hyperref Info: Link coloring OFF on input line 6062.
Package hyperref Info: Link coloring with OCG OFF on input line 6067.
Package hyperref Info: PDF/A mode OFF on input line 6072.
 (c:/texlive/2023/texmf-dist/tex/latex/base/atbegshi-ltx.sty
Package: atbegshi-ltx 2021/01/10 v1.0c Emulation of the original atbegshi
package with kernel methods
)
\Hy@abspage=\count305
\c@Item=\count306
\c@Hfootnote=\count307
)
Package hyperref Info: Driver (autodetected): hpdftex.
 (c:/texlive/2023/texmf-dist/tex/latex/hyperref/hpdftex.def
File: hpdftex.def 2023-02-07 v7.00v Hyperref driver for pdfTeX
 (c:/texlive/2023/texmf-dist/tex/latex/base/atveryend-ltx.sty
Package: atveryend-ltx 2020/08/19 v1.0a Emulation of the original atveryend package
with kernel methods
)
\Fld@listcount=\count308
\c@bookmark@seq@number=\count309
 (c:/texlive/2023/texmf-dist/tex/latex/rerunfilecheck/rerunfilecheck.sty
Package: rerunfilecheck 2022-07-10 v1.10 Rerun checks for auxiliary files (HO)
 (c:/texlive/2023/texmf-dist/tex/generic/uniquecounter/uniquecounter.sty
Package: uniquecounter 2019/12/15 v1.4 Provide unlimited unique counter (HO)
)
Package uniquecounter Info: New unique counter `rerunfilecheck' on input line 285.
)
\Hy@SectionHShift=\skip65
)
Package hyperref Info: Option `colorlinks' set `true' on input line 48.


c:/Users/MUNCHFA/Documents/GitHub/giz-pema-consortias/master/cf_paper_tables_preview.tex:48: Package xcolor Error: Undefined color `Violet'.

See the xcolor package documentation for explanation.
Type  H <return>  for immediate help.
 ...                                              
                                                  
l.48 }
      
Try typing  <return>  to proceed.
If that doesn't work, type  X <return>  to quit.


c:/Users/MUNCHFA/Documents/GitHub/giz-pema-consortias/master/cf_paper_tables_preview.tex:48: Package xcolor Error: Undefined color `Red'.

See the xcolor package documentation for explanation.
Type  H <return>  for immediate help.
 ...                                              
                                                  
l.48 }
      
Try typing  <return>  to proceed.
If that doesn't work, type  X <return>  to quit.

(c:/texlive/2023/texmf-dist/tex/latex/l3backend/l3backend-pdftex.def
File: l3backend-pdftex.def 2023-01-16 L3 backend support: PDF output (pdfTeX)
\l__color_backend_stack_int=\count310
\l__pdf_internal_box=\box65
)

LaTeX Warning: Unused global option(s):
    [13.5pt].

No file cf_paper_tables_preview.aux.
\openout1 = `cf_paper_tables_preview.aux'.

LaTeX Font Info:    Checking defaults for OML/cmm/m/it on input line 63.
LaTeX Font Info:    ... okay on input line 63.
LaTeX Font Info:    Checking defaults for OMS/cmsy/m/n on input line 63.
LaTeX Font Info:    ... okay on input line 63.
LaTeX Font Info:    Checking defaults for OT1/cmr/m/n on input line 63.
LaTeX Font Info:    ... okay on input line 63.
LaTeX Font Info:    Checking defaults for T1/cmr/m/n on input line 63.
LaTeX Font Info:    ... okay on input line 63.
LaTeX Font Info:    Checking defaults for TS1/cmr/m/n on input line 63.
LaTeX Font Info:    ... okay on input line 63.
LaTeX Font Info:    Checking defaults for OMX/cmex/m/n on input line 63.
LaTeX Font Info:    ... okay on input line 63.
LaTeX Font Info:    Checking defaults for U/cmr/m/n on input line 63.
LaTeX Font Info:    ... okay on input line 63.
LaTeX Font Info:    Checking defaults for PD1/pdf/m/n on input line 63.
LaTeX Font Info:    ... okay on input line 63.
LaTeX Font Info:    Checking defaults for PU/pdf/m/n on input line 63.
LaTeX Font Info:    ... okay on input line 63.
(c:/texlive/2023/texmf-dist/tex/context/base/mkii/supp-pdf.mkii
[Loading MPS to PDF converter (version 2006.09.02).]
\scratchcounter=\count311
\scratchdimen=\dimen268
\scratchbox=\box66
\nofMPsegments=\count312
\nofMParguments=\count313
\everyMPshowfont=\toks35
\MPscratchCnt=\count314
\MPscratchDim=\dimen269
\MPnumerator=\count315
\makeMPintoPDFobject=\count316
\everyMPtoPDFconversion=\toks36
) (c:/texlive/2023/texmf-dist/tex/latex/epstopdf-pkg/epstopdf-base.sty
Package: epstopdf-base 2020-01-24 v2.11 Base part for package epstopdf
Package epstopdf-base Info: Redefining graphics rule for `.eps' on input line 485.
 (c:/texlive/2023/texmf-dist/tex/latex/latexconfig/epstopdf-sys.cfg
File: epstopdf-sys.cfg 2010/07/13 v1.3 Configuration of (r)epstopdf for TeX Live
))
Package caption Info: Begin \AtBeginDocument code.
Package caption Info: float package is loaded.
Package caption Info: hyperref package is loaded.
Package caption Info: rotating package is loaded.
Package caption Info: threeparttable package is loaded.
Package caption Info: End \AtBeginDocument code.

*geometry* driver: auto-detecting
*geometry* detected driver: pdftex
*geometry* verbose mode - [ preamble ] result:
* driver: pdftex
* paper: a4paper
* layout: <same size as paper>
* layoutoffset:(h,v)=(0.0pt,0.0pt)
* modes: 
* h-part:(L,W,R)=(72.26999pt, 452.9679pt, 72.26999pt)
* v-part:(T,H,B)=(72.26999pt, 700.50687pt, 72.26999pt)
* \paperwidth=597.50787pt
* \paperheight=845.04684pt
* \textwidth=452.9679pt
* \textheight=700.50687pt
* \oddsidemargin=0.0pt
* \evensidemargin=0.0pt
* \topmargin=-37.0pt
* \headheight=12.0pt
* \headsep=25.0pt
* \topskip=10.0pt
* \footskip=30.0pt
* \marginparwidth=65.0pt
* \marginparsep=11.0pt
* \columnsep=10.0pt
* \skip\footins=9.0pt plus 4.0pt minus 2.0pt
* \hoffset=0.0pt
* \voffset=0.0pt
* \mag=1000
* \@twocolumnfalse
* \@twosidefalse
* \@mparswitchfalse
* \@reversemarginfalse
* (1in=72.27pt=25.4mm, 1cm=28.453pt)

Package hyperref Info: Link coloring ON on input line 63.
\@outlinefile=\write4
\openout4 = `cf_paper_tables_preview.out'.

(/Users/MUNCHFA/Documents/GitHub//cf_paper/Tables/empowerment/rt_efi_loc.tex

/Users/MUNCHFA/Documents/GitHub//cf_paper/Tables/empowerment/rt_efi_loc.tex:1: LaTeX Error: There's no line here to end.

See the LaTeX manual or LaTeX Companion for explanation.
Type  H <return>  for immediate help.
 ...                                              
                                                  
l.1 \begin{table}[!h] \centering \\
                                    \caption{Entrepreneurial empowerment: Ef...
Your command was ignored.
Type  I <command> <return>  to replace it with another command,
or  <return>  to continue without it.


/Users/MUNCHFA/Documents/GitHub//cf_paper/Tables/empowerment/rt_efi_loc.tex:1: LaTeX Error: There's no line here to end.

See the LaTeX manual or LaTeX Companion for explanation.
Type  H <return>  for immediate help.
 ...                                              
                                                  
l.1 ...n{Entrepreneurial empowerment: Efficacy} \\
                                                   \begin{adjustbox}{width=\...
Your command was ignored.
Type  I <command> <return>  to replace it with another command,
or  <return>  to continue without it.


/Users/MUNCHFA/Documents/GitHub//cf_paper/Tables/empowerment/rt_efi_loc.tex:1: LaTeX Error: Something's wrong--perhaps a missing \item.

See the LaTeX manual or LaTeX Companion for explanation.
Type  H <return>  for immediate help.
 ...                                              
                                                  
l.1 ...ustbox}{width=\columnwidth,center} \\\begin
                                                  {tabularx}{\linewidth}{l >...
Try typing  <return>  to proceed.
If that doesn't work, type  X <return>  to quit.

(c:/texlive/2023/texmf-dist/tex/latex/amsfonts/umsa.fd) (c:/texlive/2023/texmf-dist/tex/latex/amsfonts/umsb.fd)
/Users/MUNCHFA/Documents/GitHub//cf_paper/Tables/empowerment/rt_efi_loc.tex:18: Undefined control sequence.
<inserted text> ...\\\[-1ex] Treatment & 0.27\sym 
                                                  {**} & -0.16 \\ & (0.13) &...
l.18   \\ }} \\ \end{tabularx}
                               \\ \end{adjustbox} \\ \end{table}
The control sequence at the end of the top line
of your error message was never \def'ed. If you have
misspelled it (e.g., `\hobx'), type `I' and the correct
spelling (e.g., `I\hbox'). Otherwise just continue,
and I'll forget about whatever was undefined.

/Users/MUNCHFA/Documents/GitHub//cf_paper/Tables/empowerment/rt_efi_loc.tex:18: Undefined control sequence.
<inserted text> ...] Consortium member & 0.46\sym 
                                                  {**} & -0.28\sym {*} \\ & ...
l.18   \\ }} \\ \end{tabularx}
                               \\ \end{adjustbox} \\ \end{table}
The control sequence at the end of the top line
of your error message was never \def'ed. If you have
misspelled it (e.g., `\hobx'), type `I' and the correct
spelling (e.g., `I\hbox'). Otherwise just continue,
and I'll forget about whatever was undefined.

/Users/MUNCHFA/Documents/GitHub//cf_paper/Tables/empowerment/rt_efi_loc.tex:18: Undefined control sequence.
<inserted text> ...er & 0.46\sym {**} & -0.28\sym 
                                                  {*} \\ & (0.20) & (0.17) \...
l.18   \\ }} \\ \end{tabularx}
                               \\ \end{adjustbox} \\ \end{table}
The control sequence at the end of the top line
of your error message was never \def'ed. If you have
misspelled it (e.g., `\hobx'), type `I' and the correct
spelling (e.g., `I\hbox'). Otherwise just continue,
and I'll forget about whatever was undefined.

/Users/MUNCHFA/Documents/GitHub//cf_paper/Tables/empowerment/rt_efi_loc.tex:18: Undefined control sequence.
<argument> ...rols for randomization strata. \sym 
                                                  {***} \(p<0.01\), \sym {**...
l.18   \\ }} \\ \end{tabularx}
                               \\ \end{adjustbox} \\ \end{table}
The control sequence at the end of the top line
of your error message was never \def'ed. If you have
misspelled it (e.g., `\hobx'), type `I' and the correct
spelling (e.g., `I\hbox'). Otherwise just continue,
and I'll forget about whatever was undefined.

/Users/MUNCHFA/Documents/GitHub//cf_paper/Tables/empowerment/rt_efi_loc.tex:18: Undefined control sequence.
<argument> ...strata. \sym {***} \(p<0.01\), \sym 
                                                  {**} \(p<0.05\), \sym {*} ...
l.18   \\ }} \\ \end{tabularx}
                               \\ \end{adjustbox} \\ \end{table}
The control sequence at the end of the top line
of your error message was never \def'ed. If you have
misspelled it (e.g., `\hobx'), type `I' and the correct
spelling (e.g., `I\hbox'). Otherwise just continue,
and I'll forget about whatever was undefined.

/Users/MUNCHFA/Documents/GitHub//cf_paper/Tables/empowerment/rt_efi_loc.tex:18: Undefined control sequence.
<argument> ...<0.01\), \sym {**} \(p<0.05\), \sym 
                                                  {*} \(p<0.1\) denote the s...
l.18   \\ }} \\ \end{tabularx}
                               \\ \end{adjustbox} \\ \end{table}
The control sequence at the end of the top line
of your error message was never \def'ed. If you have
misspelled it (e.g., `\hobx'), type `I' and the correct
spelling (e.g., `I\hbox'). Otherwise just continue,
and I'll forget about whatever was undefined.

/Users/MUNCHFA/Documents/GitHub//cf_paper/Tables/empowerment/rt_efi_loc.tex:18: Undefined control sequence.
<inserted text> ...\\\[-1ex] Treatment & 0.27\sym 
                                                  {**} & -0.16 \\ & (0.13) &...
l.18   \\ }} \\ \end{tabularx}
                               \\ \end{adjustbox} \\ \end{table}
The control sequence at the end of the top line
of your error message was never \def'ed. If you have
misspelled it (e.g., `\hobx'), type `I' and the correct
spelling (e.g., `I\hbox'). Otherwise just continue,
and I'll forget about whatever was undefined.

/Users/MUNCHFA/Documents/GitHub//cf_paper/Tables/empowerment/rt_efi_loc.tex:18: Undefined control sequence.
<inserted text> ...] Consortium member & 0.46\sym 
                                                  {**} & -0.28\sym {*} \\ & ...
l.18   \\ }} \\ \end{tabularx}
                               \\ \end{adjustbox} \\ \end{table}
The control sequence at the end of the top line
of your error message was never \def'ed. If you have
misspelled it (e.g., `\hobx'), type `I' and the correct
spelling (e.g., `I\hbox'). Otherwise just continue,
and I'll forget about whatever was undefined.

/Users/MUNCHFA/Documents/GitHub//cf_paper/Tables/empowerment/rt_efi_loc.tex:18: Undefined control sequence.
<inserted text> ...er & 0.46\sym {**} & -0.28\sym 
                                                  {*} \\ & (0.20) & (0.17) \...
l.18   \\ }} \\ \end{tabularx}
                               \\ \end{adjustbox} \\ \end{table}
The control sequence at the end of the top line
of your error message was never \def'ed. If you have
misspelled it (e.g., `\hobx'), type `I' and the correct
spelling (e.g., `I\hbox'). Otherwise just continue,
and I'll forget about whatever was undefined.

/Users/MUNCHFA/Documents/GitHub//cf_paper/Tables/empowerment/rt_efi_loc.tex:18: Undefined control sequence.
<argument> ...rols for randomization strata. \sym 
                                                  {***} \(p<0.01\), \sym {**...
l.18   \\ }} \\ \end{tabularx}
                               \\ \end{adjustbox} \\ \end{table}
The control sequence at the end of the top line
of your error message was never \def'ed. If you have
misspelled it (e.g., `\hobx'), type `I' and the correct
spelling (e.g., `I\hbox'). Otherwise just continue,
and I'll forget about whatever was undefined.

/Users/MUNCHFA/Documents/GitHub//cf_paper/Tables/empowerment/rt_efi_loc.tex:18: Undefined control sequence.
<argument> ...strata. \sym {***} \(p<0.01\), \sym 
                                                  {**} \(p<0.05\), \sym {*} ...
l.18   \\ }} \\ \end{tabularx}
                               \\ \end{adjustbox} \\ \end{table}
The control sequence at the end of the top line
of your error message was never \def'ed. If you have
misspelled it (e.g., `\hobx'), type `I' and the correct
spelling (e.g., `I\hbox'). Otherwise just continue,
and I'll forget about whatever was undefined.

/Users/MUNCHFA/Documents/GitHub//cf_paper/Tables/empowerment/rt_efi_loc.tex:18: Undefined control sequence.
<argument> ...<0.01\), \sym {**} \(p<0.05\), \sym 
                                                  {*} \(p<0.1\) denote the s...
l.18   \\ }} \\ \end{tabularx}
                               \\ \end{adjustbox} \\ \end{table}
The control sequence at the end of the top line
of your error message was never \def'ed. If you have
misspelled it (e.g., `\hobx'), type `I' and the correct
spelling (e.g., `I\hbox'). Otherwise just continue,
and I'll forget about whatever was undefined.

/Users/MUNCHFA/Documents/GitHub//cf_paper/Tables/empowerment/rt_efi_loc.tex:18: Undefined control sequence.
<inserted text> ...\\\[-1ex] Treatment & 0.27\sym 
                                                  {**} & -0.16 \\ & (0.13) &...
l.18   \\ }} \\ \end{tabularx}
                               \\ \end{adjustbox} \\ \end{table}
The control sequence at the end of the top line
of your error message was never \def'ed. If you have
misspelled it (e.g., `\hobx'), type `I' and the correct
spelling (e.g., `I\hbox'). Otherwise just continue,
and I'll forget about whatever was undefined.

/Users/MUNCHFA/Documents/GitHub//cf_paper/Tables/empowerment/rt_efi_loc.tex:18: Undefined control sequence.
<inserted text> ...] Consortium member & 0.46\sym 
                                                  {**} & -0.28\sym {*} \\ & ...
l.18   \\ }} \\ \end{tabularx}
                               \\ \end{adjustbox} \\ \end{table}
The control sequence at the end of the top line
of your error message was never \def'ed. If you have
misspelled it (e.g., `\hobx'), type `I' and the correct
spelling (e.g., `I\hbox'). Otherwise just continue,
and I'll forget about whatever was undefined.

/Users/MUNCHFA/Documents/GitHub//cf_paper/Tables/empowerment/rt_efi_loc.tex:18: Undefined control sequence.
<inserted text> ...er & 0.46\sym {**} & -0.28\sym 
                                                  {*} \\ & (0.20) & (0.17) \...
l.18   \\ }} \\ \end{tabularx}
                               \\ \end{adjustbox} \\ \end{table}
The control sequence at the end of the top line
of your error message was never \def'ed. If you have
misspelled it (e.g., `\hobx'), type `I' and the correct
spelling (e.g., `I\hbox'). Otherwise just continue,
and I'll forget about whatever was undefined.


Package natbib Warning: Citation `Anderson.2008' on page 1 undefined on input line 18.


Package natbib Warning: Citation `Bruhn.2009' on page 1 undefined on input line 18.


Package natbib Warning: Citation `Cai.2018' on page 1 undefined on input line 18.

/Users/MUNCHFA/Documents/GitHub//cf_paper/Tables/empowerment/rt_efi_loc.tex:18: Undefined control sequence.
<argument> ...rols for randomization strata. \sym 
                                                  {***} \(p<0.01\), \sym {**...
l.18   \\ }} \\ \end{tabularx}
                               \\ \end{adjustbox} \\ \end{table}
The control sequence at the end of the top line
of your error message was never \def'ed. If you have
misspelled it (e.g., `\hobx'), type `I' and the correct
spelling (e.g., `I\hbox'). Otherwise just continue,
and I'll forget about whatever was undefined.

/Users/MUNCHFA/Documents/GitHub//cf_paper/Tables/empowerment/rt_efi_loc.tex:18: Undefined control sequence.
<argument> ...strata. \sym {***} \(p<0.01\), \sym 
                                                  {**} \(p<0.05\), \sym {*} ...
l.18   \\ }} \\ \end{tabularx}
                               \\ \end{adjustbox} \\ \end{table}
The control sequence at the end of the top line
of your error message was never \def'ed. If you have
misspelled it (e.g., `\hobx'), type `I' and the correct
spelling (e.g., `I\hbox'). Otherwise just continue,
and I'll forget about whatever was undefined.

/Users/MUNCHFA/Documents/GitHub//cf_paper/Tables/empowerment/rt_efi_loc.tex:18: Undefined control sequence.
<argument> ...<0.01\), \sym {**} \(p<0.05\), \sym 
                                                  {*} \(p<0.1\) denote the s...
l.18   \\ }} \\ \end{tabularx}
                               \\ \end{adjustbox} \\ \end{table}
The control sequence at the end of the top line
of your error message was never \def'ed. If you have
misspelled it (e.g., `\hobx'), type `I' and the correct
spelling (e.g., `I\hbox'). Otherwise just continue,
and I'll forget about whatever was undefined.


Underfull \hbox (badness 10000) in paragraph at lines 18--18

 []


/Users/MUNCHFA/Documents/GitHub//cf_paper/Tables/empowerment/rt_efi_loc.tex:18: LaTeX Error: Something's wrong--perhaps a missing \item.

See the LaTeX manual or LaTeX Companion for explanation.
Type  H <return>  for immediate help.
 ...                                              
                                                  
l.18   \\ }} \\ \end{tabularx} \\ 
                                  \end{adjustbox} \\ \end{table}
Try typing  <return>  to proceed.
If that doesn't work, type  X <return>  to quit.

) (/Users/MUNCHFA/Documents/GitHub//cf_paper/Tables/network/rt_netnumb_w95.tex

/Users/MUNCHFA/Documents/GitHub//cf_paper/Tables/network/rt_netnumb_w95.tex:1: LaTeX Error: There's no line here to end.

See the LaTeX manual or LaTeX Companion for explanation.
Type  H <return>  for immediate help.
 ...                                              
                                                  
l.1 \begin{table}[!h] \centering \\
                                    \caption{Networks: Size} \\ \begin{adjus...
Your command was ignored.
Type  I <command> <return>  to replace it with another command,
or  <return>  to continue without it.


/Users/MUNCHFA/Documents/GitHub//cf_paper/Tables/network/rt_netnumb_w95.tex:1: LaTeX Error: There's no line here to end.

See the LaTeX manual or LaTeX Companion for explanation.
Type  H <return>  for immediate help.
 ...                                              
                                                  
l.1 ...] \centering \\ \caption{Networks: Size} \\
                                                   \begin{adjustbox}{width=\...
Your command was ignored.
Type  I <command> <return>  to replace it with another command,
or  <return>  to continue without it.


/Users/MUNCHFA/Documents/GitHub//cf_paper/Tables/network/rt_netnumb_w95.tex:1: LaTeX Error: Something's wrong--perhaps a missing \item.

See the LaTeX manual or LaTeX Companion for explanation.
Type  H <return>  for immediate help.
 ...                                              
                                                  
l.1 ...n{adjustbox}{width=\columnwidth,center} \\ 
                                                  \begin{tabularx}{\linewidt...
Try typing  <return>  to proceed.
If that doesn't work, type  X <return>  to quit.

/Users/MUNCHFA/Documents/GitHub//cf_paper/Tables/network/rt_netnumb_w95.tex:18: Undefined control sequence.
<inserted text> ...\\\\[-1ex] Treatment & 3.3\sym 
                                                  {**} & 2.0\sym {**} & 0.5 ...
l.18  \\ }} \\ \end{tabularx}
                              \\ \end{adjustbox} \\ \end{table}
The control sequence at the end of the top line
of your error message was never \def'ed. If you have
misspelled it (e.g., `\hobx'), type `I' and the correct
spelling (e.g., `I\hbox'). Otherwise just continue,
and I'll forget about whatever was undefined.

/Users/MUNCHFA/Documents/GitHub//cf_paper/Tables/network/rt_netnumb_w95.tex:18: Undefined control sequence.
<inserted text> ...tment & 3.3\sym {**} & 2.0\sym 
                                                  {**} & 0.5 & 1.4\sym {**} ...
l.18  \\ }} \\ \end{tabularx}
                              \\ \end{adjustbox} \\ \end{table}
The control sequence at the end of the top line
of your error message was never \def'ed. If you have
misspelled it (e.g., `\hobx'), type `I' and the correct
spelling (e.g., `I\hbox'). Otherwise just continue,
and I'll forget about whatever was undefined.

/Users/MUNCHFA/Documents/GitHub//cf_paper/Tables/network/rt_netnumb_w95.tex:18: Undefined control sequence.
<inserted text> ...& 2.0\sym {**} & 0.5 & 1.4\sym 
                                                  {**} & 1.0 & 0.3 & 0.8\sym...
l.18  \\ }} \\ \end{tabularx}
                              \\ \end{adjustbox} \\ \end{table}
The control sequence at the end of the top line
of your error message was never \def'ed. If you have
misspelled it (e.g., `\hobx'), type `I' and the correct
spelling (e.g., `I\hbox'). Otherwise just continue,
and I'll forget about whatever was undefined.

/Users/MUNCHFA/Documents/GitHub//cf_paper/Tables/network/rt_netnumb_w95.tex:18: Undefined control sequence.
<inserted text> ...sym {**} & 1.0 & 0.3 & 0.8\sym 
                                                  {**} \\ & (1.41) & (0.92) ...
l.18  \\ }} \\ \end{tabularx}
                              \\ \end{adjustbox} \\ \end{table}
The control sequence at the end of the top line
of your error message was never \def'ed. If you have
misspelled it (e.g., `\hobx'), type `I' and the correct
spelling (e.g., `I\hbox'). Otherwise just continue,
and I'll forget about whatever was undefined.

/Users/MUNCHFA/Documents/GitHub//cf_paper/Tables/network/rt_netnumb_w95.tex:18: Undefined control sequence.
<inserted text> ...x] Consortium member & 5.8\sym 
                                                  {***}& 3.6\sym {***}& 0.9\...
l.18  \\ }} \\ \end{tabularx}
                              \\ \end{adjustbox} \\ \end{table}
The control sequence at the end of the top line
of your error message was never \def'ed. If you have
misspelled it (e.g., `\hobx'), type `I' and the correct
spelling (e.g., `I\hbox'). Otherwise just continue,
and I'll forget about whatever was undefined.

/Users/MUNCHFA/Documents/GitHub//cf_paper/Tables/network/rt_netnumb_w95.tex:18: Undefined control sequence.
<inserted text> ...ember & 5.8\sym {***}& 3.6\sym 
                                                  {***}& 0.9\sym {*} & 2.5\s...
l.18  \\ }} \\ \end{tabularx}
                              \\ \end{adjustbox} \\ \end{table}
The control sequence at the end of the top line
of your error message was never \def'ed. If you have
misspelled it (e.g., `\hobx'), type `I' and the correct
spelling (e.g., `I\hbox'). Otherwise just continue,
and I'll forget about whatever was undefined.

/Users/MUNCHFA/Documents/GitHub//cf_paper/Tables/network/rt_netnumb_w95.tex:18: Undefined control sequence.
<inserted text> ... {***}& 3.6\sym {***}& 0.9\sym 
                                                  {*} & 2.5\sym {**} & 1.7\s...
l.18  \\ }} \\ \end{tabularx}
                              \\ \end{adjustbox} \\ \end{table}
The control sequence at the end of the top line
of your error message was never \def'ed. If you have
misspelled it (e.g., `\hobx'), type `I' and the correct
spelling (e.g., `I\hbox'). Otherwise just continue,
and I'll forget about whatever was undefined.

/Users/MUNCHFA/Documents/GitHub//cf_paper/Tables/network/rt_netnumb_w95.tex:18: Undefined control sequence.
<inserted text> ...m {***}& 0.9\sym {*} & 2.5\sym 
                                                  {**} & 1.7\sym {*} & 0.6 &...
l.18  \\ }} \\ \end{tabularx}
                              \\ \end{adjustbox} \\ \end{table}
The control sequence at the end of the top line
of your error message was never \def'ed. If you have
misspelled it (e.g., `\hobx'), type `I' and the correct
spelling (e.g., `I\hbox'). Otherwise just continue,
and I'll forget about whatever was undefined.

/Users/MUNCHFA/Documents/GitHub//cf_paper/Tables/network/rt_netnumb_w95.tex:18: Undefined control sequence.
<inserted text> ...m {*} & 2.5\sym {**} & 1.7\sym 
                                                  {*} & 0.6 & 1.4\sym {***}\...
l.18  \\ }} \\ \end{tabularx}
                              \\ \end{adjustbox} \\ \end{table}
The control sequence at the end of the top line
of your error message was never \def'ed. If you have
misspelled it (e.g., `\hobx'), type `I' and the correct
spelling (e.g., `I\hbox'). Otherwise just continue,
and I'll forget about whatever was undefined.

/Users/MUNCHFA/Documents/GitHub//cf_paper/Tables/network/rt_netnumb_w95.tex:18: Undefined control sequence.
<inserted text> ... & 1.7\sym {*} & 0.6 & 1.4\sym 
                                                  {***}\\ & (2.09) & (1.38) ...
l.18  \\ }} \\ \end{tabularx}
                              \\ \end{adjustbox} \\ \end{table}
The control sequence at the end of the top line
of your error message was never \def'ed. If you have
misspelled it (e.g., `\hobx'), type `I' and the correct
spelling (e.g., `I\hbox'). Otherwise just continue,
and I'll forget about whatever was undefined.

/Users/MUNCHFA/Documents/GitHub//cf_paper/Tables/network/rt_netnumb_w95.tex:18: Undefined control sequence.
<argument> ...tcome variable when available. \sym 
                                                  {***} \(p<0.01\), \sym {**...
l.18  \\ }} \\ \end{tabularx}
                              \\ \end{adjustbox} \\ \end{table}
The control sequence at the end of the top line
of your error message was never \def'ed. If you have
misspelled it (e.g., `\hobx'), type `I' and the correct
spelling (e.g., `I\hbox'). Otherwise just continue,
and I'll forget about whatever was undefined.

/Users/MUNCHFA/Documents/GitHub//cf_paper/Tables/network/rt_netnumb_w95.tex:18: Undefined control sequence.
<argument> ...ilable. \sym {***} \(p<0.01\), \sym 
                                                  {**} \(p<0.05\), \sym {*} ...
l.18  \\ }} \\ \end{tabularx}
                              \\ \end{adjustbox} \\ \end{table}
The control sequence at the end of the top line
of your error message was never \def'ed. If you have
misspelled it (e.g., `\hobx'), type `I' and the correct
spelling (e.g., `I\hbox'). Otherwise just continue,
and I'll forget about whatever was undefined.

/Users/MUNCHFA/Documents/GitHub//cf_paper/Tables/network/rt_netnumb_w95.tex:18: Undefined control sequence.
<argument> ...<0.01\), \sym {**} \(p<0.05\), \sym 
                                                  {*} \(p<0.1\) denote the s...
l.18  \\ }} \\ \end{tabularx}
                              \\ \end{adjustbox} \\ \end{table}
The control sequence at the end of the top line
of your error message was never \def'ed. If you have
misspelled it (e.g., `\hobx'), type `I' and the correct
spelling (e.g., `I\hbox'). Otherwise just continue,
and I'll forget about whatever was undefined.


Overfull \hbox (14.98766pt too wide) in paragraph at lines 18--18
 []|[]| 
 []


Overfull \hbox (20.1266pt too wide) in paragraph at lines 18--18
 []|[]| 
 []

/Users/MUNCHFA/Documents/GitHub//cf_paper/Tables/network/rt_netnumb_w95.tex:18: Undefined control sequence.
<inserted text> ...\\\\[-1ex] Treatment & 3.3\sym 
                                                  {**} & 2.0\sym {**} & 0.5 ...
l.18  \\ }} \\ \end{tabularx}
                              \\ \end{adjustbox} \\ \end{table}
The control sequence at the end of the top line
of your error message was never \def'ed. If you have
misspelled it (e.g., `\hobx'), type `I' and the correct
spelling (e.g., `I\hbox'). Otherwise just continue,
and I'll forget about whatever was undefined.

/Users/MUNCHFA/Documents/GitHub//cf_paper/Tables/network/rt_netnumb_w95.tex:18: Undefined control sequence.
<inserted text> ...tment & 3.3\sym {**} & 2.0\sym 
                                                  {**} & 0.5 & 1.4\sym {**} ...
l.18  \\ }} \\ \end{tabularx}
                              \\ \end{adjustbox} \\ \end{table}
The control sequence at the end of the top line
of your error message was never \def'ed. If you have
misspelled it (e.g., `\hobx'), type `I' and the correct
spelling (e.g., `I\hbox'). Otherwise just continue,
and I'll forget about whatever was undefined.

/Users/MUNCHFA/Documents/GitHub//cf_paper/Tables/network/rt_netnumb_w95.tex:18: Undefined control sequence.
<inserted text> ...& 2.0\sym {**} & 0.5 & 1.4\sym 
                                                  {**} & 1.0 & 0.3 & 0.8\sym...
l.18  \\ }} \\ \end{tabularx}
                              \\ \end{adjustbox} \\ \end{table}
The control sequence at the end of the top line
of your error message was never \def'ed. If you have
misspelled it (e.g., `\hobx'), type `I' and the correct
spelling (e.g., `I\hbox'). Otherwise just continue,
and I'll forget about whatever was undefined.

/Users/MUNCHFA/Documents/GitHub//cf_paper/Tables/network/rt_netnumb_w95.tex:18: Undefined control sequence.
<inserted text> ...sym {**} & 1.0 & 0.3 & 0.8\sym 
                                                  {**} \\ & (1.41) & (0.92) ...
l.18  \\ }} \\ \end{tabularx}
                              \\ \end{adjustbox} \\ \end{table}
The control sequence at the end of the top line
of your error message was never \def'ed. If you have
misspelled it (e.g., `\hobx'), type `I' and the correct
spelling (e.g., `I\hbox'). Otherwise just continue,
and I'll forget about whatever was undefined.

/Users/MUNCHFA/Documents/GitHub//cf_paper/Tables/network/rt_netnumb_w95.tex:18: Undefined control sequence.
<inserted text> ...x] Consortium member & 5.8\sym 
                                                  {***}& 3.6\sym {***}& 0.9\...
l.18  \\ }} \\ \end{tabularx}
                              \\ \end{adjustbox} \\ \end{table}
The control sequence at the end of the top line
of your error message was never \def'ed. If you have
misspelled it (e.g., `\hobx'), type `I' and the correct
spelling (e.g., `I\hbox'). Otherwise just continue,
and I'll forget about whatever was undefined.

/Users/MUNCHFA/Documents/GitHub//cf_paper/Tables/network/rt_netnumb_w95.tex:18: Undefined control sequence.
<inserted text> ...ember & 5.8\sym {***}& 3.6\sym 
                                                  {***}& 0.9\sym {*} & 2.5\s...
l.18  \\ }} \\ \end{tabularx}
                              \\ \end{adjustbox} \\ \end{table}
The control sequence at the end of the top line
of your error message was never \def'ed. If you have
misspelled it (e.g., `\hobx'), type `I' and the correct
spelling (e.g., `I\hbox'). Otherwise just continue,
and I'll forget about whatever was undefined.

/Users/MUNCHFA/Documents/GitHub//cf_paper/Tables/network/rt_netnumb_w95.tex:18: Undefined control sequence.
<inserted text> ... {***}& 3.6\sym {***}& 0.9\sym 
                                                  {*} & 2.5\sym {**} & 1.7\s...
l.18  \\ }} \\ \end{tabularx}
                              \\ \end{adjustbox} \\ \end{table}
The control sequence at the end of the top line
of your error message was never \def'ed. If you have
misspelled it (e.g., `\hobx'), type `I' and the correct
spelling (e.g., `I\hbox'). Otherwise just continue,
and I'll forget about whatever was undefined.

/Users/MUNCHFA/Documents/GitHub//cf_paper/Tables/network/rt_netnumb_w95.tex:18: Undefined control sequence.
<inserted text> ...m {***}& 0.9\sym {*} & 2.5\sym 
                                                  {**} & 1.7\sym {*} & 0.6 &...
l.18  \\ }} \\ \end{tabularx}
                              \\ \end{adjustbox} \\ \end{table}
The control sequence at the end of the top line
of your error message was never \def'ed. If you have
misspelled it (e.g., `\hobx'), type `I' and the correct
spelling (e.g., `I\hbox'). Otherwise just continue,
and I'll forget about whatever was undefined.

/Users/MUNCHFA/Documents/GitHub//cf_paper/Tables/network/rt_netnumb_w95.tex:18: Undefined control sequence.
<inserted text> ...m {*} & 2.5\sym {**} & 1.7\sym 
                                                  {*} & 0.6 & 1.4\sym {***}\...
l.18  \\ }} \\ \end{tabularx}
                              \\ \end{adjustbox} \\ \end{table}
The control sequence at the end of the top line
of your error message was never \def'ed. If you have
misspelled it (e.g., `\hobx'), type `I' and the correct
spelling (e.g., `I\hbox'). Otherwise just continue,
and I'll forget about whatever was undefined.

/Users/MUNCHFA/Documents/GitHub//cf_paper/Tables/network/rt_netnumb_w95.tex:18: Undefined control sequence.
<inserted text> ... & 1.7\sym {*} & 0.6 & 1.4\sym 
                                                  {***}\\ & (2.09) & (1.38) ...
l.18  \\ }} \\ \end{tabularx}
                              \\ \end{adjustbox} \\ \end{table}
The control sequence at the end of the top line
of your error message was never \def'ed. If you have
misspelled it (e.g., `\hobx'), type `I' and the correct
spelling (e.g., `I\hbox'). Otherwise just continue,
and I'll forget about whatever was undefined.


Package natbib Warning: Citation `Bruhn.2009' on page 1 undefined on input line 18.


Package natbib Warning: Citation `Cai.2018' on page 1 undefined on input line 18.

/Users/MUNCHFA/Documents/GitHub//cf_paper/Tables/network/rt_netnumb_w95.tex:18: Undefined control sequence.
<argument> ...tcome variable when available. \sym 
                                                  {***} \(p<0.01\), \sym {**...
l.18  \\ }} \\ \end{tabularx}
                              \\ \end{adjustbox} \\ \end{table}
The control sequence at the end of the top line
of your error message was never \def'ed. If you have
misspelled it (e.g., `\hobx'), type `I' and the correct
spelling (e.g., `I\hbox'). Otherwise just continue,
and I'll forget about whatever was undefined.

/Users/MUNCHFA/Documents/GitHub//cf_paper/Tables/network/rt_netnumb_w95.tex:18: Undefined control sequence.
<argument> ...ilable. \sym {***} \(p<0.01\), \sym 
                                                  {**} \(p<0.05\), \sym {*} ...
l.18  \\ }} \\ \end{tabularx}
                              \\ \end{adjustbox} \\ \end{table}
The control sequence at the end of the top line
of your error message was never \def'ed. If you have
misspelled it (e.g., `\hobx'), type `I' and the correct
spelling (e.g., `I\hbox'). Otherwise just continue,
and I'll forget about whatever was undefined.

/Users/MUNCHFA/Documents/GitHub//cf_paper/Tables/network/rt_netnumb_w95.tex:18: Undefined control sequence.
<argument> ...<0.01\), \sym {**} \(p<0.05\), \sym 
                                                  {*} \(p<0.1\) denote the s...
l.18  \\ }} \\ \end{tabularx}
                              \\ \end{adjustbox} \\ \end{table}
The control sequence at the end of the top line
of your error message was never \def'ed. If you have
misspelled it (e.g., `\hobx'), type `I' and the correct
spelling (e.g., `I\hbox'). Otherwise just continue,
and I'll forget about whatever was undefined.


Underfull \hbox (badness 10000) in paragraph at lines 18--18

 []


/Users/MUNCHFA/Documents/GitHub//cf_paper/Tables/network/rt_netnumb_w95.tex:18: LaTeX Error: Something's wrong--perhaps a missing \item.

See the LaTeX manual or LaTeX Companion for explanation.
Type  H <return>  for immediate help.
 ...                                              
                                                  
l.18  \\ }} \\ \end{tabularx} \\ 
                                 \end{adjustbox} \\ \end{table}
Try typing  <return>  to proceed.
If that doesn't work, type  X <return>  to quit.


LaTeX Warning: `!h' float specifier changed to `!ht'.

) (/Users/MUNCHFA/Documents/GitHub//cf_paper/Tables/network/rt_network_use.tex

/Users/MUNCHFA/Documents/GitHub//cf_paper/Tables/network/rt_network_use.tex:1: LaTeX Error: There's no line here to end.

See the LaTeX manual or LaTeX Companion for explanation.
Type  H <return>  for immediate help.
 ...                                              
                                                  
l.1 \begin{table}[!h] \centering \\
                                    \caption{Networks: Use} \\ \begin{adjust...
Your command was ignored.
Type  I <command> <return>  to replace it with another command,
or  <return>  to continue without it.


/Users/MUNCHFA/Documents/GitHub//cf_paper/Tables/network/rt_network_use.tex:1: LaTeX Error: There's no line here to end.

See the LaTeX manual or LaTeX Companion for explanation.
Type  H <return>  for immediate help.
 ...                                              
                                                  
l.1 ...h] \centering \\ \caption{Networks: Use} \\
                                                   \begin{adjustbox}{width=\...
Your command was ignored.
Type  I <command> <return>  to replace it with another command,
or  <return>  to continue without it.


/Users/MUNCHFA/Documents/GitHub//cf_paper/Tables/network/rt_network_use.tex:1: LaTeX Error: Something's wrong--perhaps a missing \item.

See the LaTeX manual or LaTeX Companion for explanation.
Type  H <return>  for immediate help.
 ...                                              
                                                  
l.1 ...n{adjustbox}{width=\columnwidth,center} \\ 
                                                  \begin{tabularx}{\linewidt...
Try typing  <return>  to proceed.
If that doesn't work, type  X <return>  to quit.

)
Runaway argument?
{l >{\centering \arraybackslash }m{1.25cm} >{\centering \arraybackslash \ETC.
c:/Users/MUNCHFA/Documents/GitHub/giz-pema-consortias/master/cf_paper_tables_preview.tex:87: File ended while scanning use of \TX@get@body.
<inserted text> 
                \par 
l.87 ..._paper/Tables/network/rt_network_use.tex"}
                                                  
I suspect you have forgotten a `}', causing me
to read past where you wanted me to stop.
I'll try to recover; but if the error is serious,
you'd better type `E' or `X' now and fix your file.

(/Users/MUNCHFA/Documents/GitHub//cf_paper/Tables/export/rt_exp_ext.tex

/Users/MUNCHFA/Documents/GitHub//cf_paper/Tables/export/rt_exp_ext.tex:1: LaTeX Error: Not in outer par mode.

See the LaTeX manual or LaTeX Companion for explanation.
Type  H <return>  for immediate help.
 ...                                              
                                                  
l.1 \begin{table}[!h]
                      \centering \\ \caption{Export: Market Access Intensive...
You've lost some text.  Try typing  <return>  to proceed.
If that doesn't work, type  X <return>  to quit.


/Users/MUNCHFA/Documents/GitHub//cf_paper/Tables/export/rt_exp_ext.tex:1: LaTeX Error: There's no line here to end.

See the LaTeX manual or LaTeX Companion for explanation.
Type  H <return>  for immediate help.
 ...                                              
                                                  
l.1 \begin{table}[!h] \centering \\
                                    \caption{Export: Market Access Intensive...
Your command was ignored.
Type  I <command> <return>  to replace it with another command,
or  <return>  to continue without it.


/Users/MUNCHFA/Documents/GitHub//cf_paper/Tables/export/rt_exp_ext.tex:1: LaTeX Error: There's no line here to end.

See the LaTeX manual or LaTeX Companion for explanation.
Type  H <return>  for immediate help.
 ...                                              
                                                  
l.1 ... Access Intensive and Extensive Margins} \\
                                                   \begin{adjustbox}{width=\...
Your command was ignored.
Type  I <command> <return>  to replace it with another command,
or  <return>  to continue without it.


/Users/MUNCHFA/Documents/GitHub//cf_paper/Tables/export/rt_exp_ext.tex:1: LaTeX Error: Something's wrong--perhaps a missing \item.

See the LaTeX manual or LaTeX Companion for explanation.
Type  H <return>  for immediate help.
 ...                                              
                                                  
l.1 ...n{adjustbox}{width=\columnwidth,center} \\ 
                                                  \begin{tabularx}{\linewidt...
Try typing  <return>  to proceed.
If that doesn't work, type  X <return>  to quit.

/Users/MUNCHFA/Documents/GitHub//cf_paper/Tables/export/rt_exp_ext.tex:18: Undefined control sequence.
<inserted text> ...\\[-1ex] Treatment & 0.165\sym 
                                                  {**} & 0.329 \\ & (0.064) ...
l.18  \\ }} \\ \end{tabularx}
                              \\ \end{adjustbox} \\ \end{table}
The control sequence at the end of the top line
of your error message was never \def'ed. If you have
misspelled it (e.g., `\hobx'), type `I' and the correct
spelling (e.g., `I\hbox'). Otherwise just continue,
and I'll forget about whatever was undefined.

/Users/MUNCHFA/Documents/GitHub//cf_paper/Tables/export/rt_exp_ext.tex:18: Undefined control sequence.
<inserted text> ... Consortium member & 0.281\sym 
                                                  {***}& 0.560\sym {*} \\ & ...
l.18  \\ }} \\ \end{tabularx}
                              \\ \end{adjustbox} \\ \end{table}
The control sequence at the end of the top line
of your error message was never \def'ed. If you have
misspelled it (e.g., `\hobx'), type `I' and the correct
spelling (e.g., `I\hbox'). Otherwise just continue,
and I'll forget about whatever was undefined.

/Users/MUNCHFA/Documents/GitHub//cf_paper/Tables/export/rt_exp_ext.tex:18: Undefined control sequence.
<inserted text> ...r & 0.281\sym {***}& 0.560\sym 
                                                  {*} \\ & (0.094) & (0.337)...
l.18  \\ }} \\ \end{tabularx}
                              \\ \end{adjustbox} \\ \end{table}
The control sequence at the end of the top line
of your error message was never \def'ed. If you have
misspelled it (e.g., `\hobx'), type `I' and the correct
spelling (e.g., `I\hbox'). Otherwise just continue,
and I'll forget about whatever was undefined.

/Users/MUNCHFA/Documents/GitHub//cf_paper/Tables/export/rt_exp_ext.tex:18: Undefined control sequence.
<argument> ...alues of the outcome variable. \sym 
                                                  {***} \(p<0.01\), \sym {**...
l.18  \\ }} \\ \end{tabularx}
                              \\ \end{adjustbox} \\ \end{table}
The control sequence at the end of the top line
of your error message was never \def'ed. If you have
misspelled it (e.g., `\hobx'), type `I' and the correct
spelling (e.g., `I\hbox'). Otherwise just continue,
and I'll forget about whatever was undefined.

/Users/MUNCHFA/Documents/GitHub//cf_paper/Tables/export/rt_exp_ext.tex:18: Undefined control sequence.
<argument> ...riable. \sym {***} \(p<0.01\), \sym 
                                                  {**} \(p<0.05\), \sym {*} ...
l.18  \\ }} \\ \end{tabularx}
                              \\ \end{adjustbox} \\ \end{table}
The control sequence at the end of the top line
of your error message was never \def'ed. If you have
misspelled it (e.g., `\hobx'), type `I' and the correct
spelling (e.g., `I\hbox'). Otherwise just continue,
and I'll forget about whatever was undefined.

/Users/MUNCHFA/Documents/GitHub//cf_paper/Tables/export/rt_exp_ext.tex:18: Undefined control sequence.
<argument> ...<0.01\), \sym {**} \(p<0.05\), \sym 
                                                  {*} \(p<0.1\) denote the s...
l.18  \\ }} \\ \end{tabularx}
                              \\ \end{adjustbox} \\ \end{table}
The control sequence at the end of the top line
of your error message was never \def'ed. If you have
misspelled it (e.g., `\hobx'), type `I' and the correct
spelling (e.g., `I\hbox'). Otherwise just continue,
and I'll forget about whatever was undefined.

/Users/MUNCHFA/Documents/GitHub//cf_paper/Tables/export/rt_exp_ext.tex:18: Undefined control sequence.
<inserted text> ...\\[-1ex] Treatment & 0.165\sym 
                                                  {**} & 0.329 \\ & (0.064) ...
l.18  \\ }} \\ \end{tabularx}
                              \\ \end{adjustbox} \\ \end{table}
The control sequence at the end of the top line
of your error message was never \def'ed. If you have
misspelled it (e.g., `\hobx'), type `I' and the correct
spelling (e.g., `I\hbox'). Otherwise just continue,
and I'll forget about whatever was undefined.

/Users/MUNCHFA/Documents/GitHub//cf_paper/Tables/export/rt_exp_ext.tex:18: Undefined control sequence.
<inserted text> ... Consortium member & 0.281\sym 
                                                  {***}& 0.560\sym {*} \\ & ...
l.18  \\ }} \\ \end{tabularx}
                              \\ \end{adjustbox} \\ \end{table}
The control sequence at the end of the top line
of your error message was never \def'ed. If you have
misspelled it (e.g., `\hobx'), type `I' and the correct
spelling (e.g., `I\hbox'). Otherwise just continue,
and I'll forget about whatever was undefined.

/Users/MUNCHFA/Documents/GitHub//cf_paper/Tables/export/rt_exp_ext.tex:18: Undefined control sequence.
<inserted text> ...r & 0.281\sym {***}& 0.560\sym 
                                                  {*} \\ & (0.094) & (0.337)...
l.18  \\ }} \\ \end{tabularx}
                              \\ \end{adjustbox} \\ \end{table}
The control sequence at the end of the top line
of your error message was never \def'ed. If you have
misspelled it (e.g., `\hobx'), type `I' and the correct
spelling (e.g., `I\hbox'). Otherwise just continue,
and I'll forget about whatever was undefined.

/Users/MUNCHFA/Documents/GitHub//cf_paper/Tables/export/rt_exp_ext.tex:18: Undefined control sequence.
<argument> ...alues of the outcome variable. \sym 
                                                  {***} \(p<0.01\), \sym {**...
l.18  \\ }} \\ \end{tabularx}
                              \\ \end{adjustbox} \\ \end{table}
The control sequence at the end of the top line
of your error message was never \def'ed. If you have
misspelled it (e.g., `\hobx'), type `I' and the correct
spelling (e.g., `I\hbox'). Otherwise just continue,
and I'll forget about whatever was undefined.

/Users/MUNCHFA/Documents/GitHub//cf_paper/Tables/export/rt_exp_ext.tex:18: Undefined control sequence.
<argument> ...riable. \sym {***} \(p<0.01\), \sym 
                                                  {**} \(p<0.05\), \sym {*} ...
l.18  \\ }} \\ \end{tabularx}
                              \\ \end{adjustbox} \\ \end{table}
The control sequence at the end of the top line
of your error message was never \def'ed. If you have
misspelled it (e.g., `\hobx'), type `I' and the correct
spelling (e.g., `I\hbox'). Otherwise just continue,
and I'll forget about whatever was undefined.

/Users/MUNCHFA/Documents/GitHub//cf_paper/Tables/export/rt_exp_ext.tex:18: Undefined control sequence.
<argument> ...<0.01\), \sym {**} \(p<0.05\), \sym 
                                                  {*} \(p<0.1\) denote the s...
l.18  \\ }} \\ \end{tabularx}
                              \\ \end{adjustbox} \\ \end{table}
The control sequence at the end of the top line
of your error message was never \def'ed. If you have
misspelled it (e.g., `\hobx'), type `I' and the correct
spelling (e.g., `I\hbox'). Otherwise just continue,
and I'll forget about whatever was undefined.

/Users/MUNCHFA/Documents/GitHub//cf_paper/Tables/export/rt_exp_ext.tex:18: Undefined control sequence.
<inserted text> ...\\[-1ex] Treatment & 0.165\sym 
                                                  {**} & 0.329 \\ & (0.064) ...
l.18  \\ }} \\ \end{tabularx}
                              \\ \end{adjustbox} \\ \end{table}
The control sequence at the end of the top line
of your error message was never \def'ed. If you have
misspelled it (e.g., `\hobx'), type `I' and the correct
spelling (e.g., `I\hbox'). Otherwise just continue,
and I'll forget about whatever was undefined.

/Users/MUNCHFA/Documents/GitHub//cf_paper/Tables/export/rt_exp_ext.tex:18: Undefined control sequence.
<inserted text> ... Consortium member & 0.281\sym 
                                                  {***}& 0.560\sym {*} \\ & ...
l.18  \\ }} \\ \end{tabularx}
                              \\ \end{adjustbox} \\ \end{table}
The control sequence at the end of the top line
of your error message was never \def'ed. If you have
misspelled it (e.g., `\hobx'), type `I' and the correct
spelling (e.g., `I\hbox'). Otherwise just continue,
and I'll forget about whatever was undefined.

/Users/MUNCHFA/Documents/GitHub//cf_paper/Tables/export/rt_exp_ext.tex:18: Undefined control sequence.
<inserted text> ...r & 0.281\sym {***}& 0.560\sym 
                                                  {*} \\ & (0.094) & (0.337)...
l.18  \\ }} \\ \end{tabularx}
                              \\ \end{adjustbox} \\ \end{table}
The control sequence at the end of the top line
of your error message was never \def'ed. If you have
misspelled it (e.g., `\hobx'), type `I' and the correct
spelling (e.g., `I\hbox'). Otherwise just continue,
and I'll forget about whatever was undefined.


Package natbib Warning: Citation `Bruhn.2009' on page 1 undefined on input line 18.


Package natbib Warning: Citation `Cai.2018' on page 1 undefined on input line 18.

/Users/MUNCHFA/Documents/GitHub//cf_paper/Tables/export/rt_exp_ext.tex:18: Undefined control sequence.
<argument> ...alues of the outcome variable. \sym 
                                                  {***} \(p<0.01\), \sym {**...
l.18  \\ }} \\ \end{tabularx}
                              \\ \end{adjustbox} \\ \end{table}
The control sequence at the end of the top line
of your error message was never \def'ed. If you have
misspelled it (e.g., `\hobx'), type `I' and the correct
spelling (e.g., `I\hbox'). Otherwise just continue,
and I'll forget about whatever was undefined.

/Users/MUNCHFA/Documents/GitHub//cf_paper/Tables/export/rt_exp_ext.tex:18: Undefined control sequence.
<argument> ...riable. \sym {***} \(p<0.01\), \sym 
                                                  {**} \(p<0.05\), \sym {*} ...
l.18  \\ }} \\ \end{tabularx}
                              \\ \end{adjustbox} \\ \end{table}
The control sequence at the end of the top line
of your error message was never \def'ed. If you have
misspelled it (e.g., `\hobx'), type `I' and the correct
spelling (e.g., `I\hbox'). Otherwise just continue,
and I'll forget about whatever was undefined.

/Users/MUNCHFA/Documents/GitHub//cf_paper/Tables/export/rt_exp_ext.tex:18: Undefined control sequence.
<argument> ...<0.01\), \sym {**} \(p<0.05\), \sym 
                                                  {*} \(p<0.1\) denote the s...
l.18  \\ }} \\ \end{tabularx}
                              \\ \end{adjustbox} \\ \end{table}
The control sequence at the end of the top line
of your error message was never \def'ed. If you have
misspelled it (e.g., `\hobx'), type `I' and the correct
spelling (e.g., `I\hbox'). Otherwise just continue,
and I'll forget about whatever was undefined.


Underfull \hbox (badness 10000) in paragraph at lines 18--18

 []


/Users/MUNCHFA/Documents/GitHub//cf_paper/Tables/export/rt_exp_ext.tex:18: LaTeX Error: Something's wrong--perhaps a missing \item.

See the LaTeX manual or LaTeX Companion for explanation.
Type  H <return>  for immediate help.
 ...                                              
                                                  
l.18  \\ }} \\ \end{tabularx} \\ 
                                 \end{adjustbox} \\ \end{table}
Try typing  <return>  to proceed.
If that doesn't work, type  X <return>  to quit.

) (/Users/MUNCHFA/Documents/GitHub//cf_paper/Tables/business/rt_business_sales_paper.tex

/Users/MUNCHFA/Documents/GitHub//cf_paper/Tables/business/rt_business_sales_paper.tex:1: LaTeX Error: Not in outer par mode.

See the LaTeX manual or LaTeX Companion for explanation.
Type  H <return>  for immediate help.
 ...                                              
                                                  
l.1 \begin{table}[!h]
                      \centering \\ \caption{Business Performance: Sales} \\...
You've lost some text.  Try typing  <return>  to proceed.
If that doesn't work, type  X <return>  to quit.


/Users/MUNCHFA/Documents/GitHub//cf_paper/Tables/business/rt_business_sales_paper.tex:1: LaTeX Error: There's no line here to end.

See the LaTeX manual or LaTeX Companion for explanation.
Type  H <return>  for immediate help.
 ...                                              
                                                  
l.1 \begin{table}[!h] \centering \\
                                    \caption{Business Performance: Sales} \\...
Your command was ignored.
Type  I <command> <return>  to replace it with another command,
or  <return>  to continue without it.


/Users/MUNCHFA/Documents/GitHub//cf_paper/Tables/business/rt_business_sales_paper.tex:1: LaTeX Error: There's no line here to end.

See the LaTeX manual or LaTeX Companion for explanation.
Type  H <return>  for immediate help.
 ...                                              
                                                  
l.1 ...\\ \caption{Business Performance: Sales} \\
                                                   \begin{adjustbox}{width=\...
Your command was ignored.
Type  I <command> <return>  to replace it with another command,
or  <return>  to continue without it.


/Users/MUNCHFA/Documents/GitHub//cf_paper/Tables/business/rt_business_sales_paper.tex:1: LaTeX Error: Something's wrong--perhaps a missing \item.

See the LaTeX manual or LaTeX Companion for explanation.
Type  H <return>  for immediate help.
 ...                                              
                                                  
l.1 ...n{adjustbox}{width=\columnwidth,center} \\ 
                                                  \begin{tabularx}{\linewidt...
Try typing  <return>  to proceed.
If that doesn't work, type  X <return>  to quit.

/Users/MUNCHFA/Documents/GitHub//cf_paper/Tables/business/rt_business_sales_paper.tex:18: Undefined control sequence.
<inserted text> ...\\[-1ex] Treatment & 0.915\sym 
                                                  {*} & 0.911 & 1.017 \\ & (...
l.18  \\ }} \\ \end{tabularx}
                              \\ \end{adjustbox} \\ \end{table}
The control sequence at the end of the top line
of your error message was never \def'ed. If you have
misspelled it (e.g., `\hobx'), type `I' and the correct
spelling (e.g., `I\hbox'). Otherwise just continue,
and I'll forget about whatever was undefined.

/Users/MUNCHFA/Documents/GitHub//cf_paper/Tables/business/rt_business_sales_paper.tex:18: Undefined control sequence.
<inserted text> ... Consortium member & 1.518\sym 
                                                  {**} & 1.500 & 1.710 \\ & ...
l.18  \\ }} \\ \end{tabularx}
                              \\ \end{adjustbox} \\ \end{table}
The control sequence at the end of the top line
of your error message was never \def'ed. If you have
misspelled it (e.g., `\hobx'), type `I' and the correct
spelling (e.g., `I\hbox'). Otherwise just continue,
and I'll forget about whatever was undefined.

/Users/MUNCHFA/Documents/GitHub//cf_paper/Tables/business/rt_business_sales_paper.tex:18: Undefined control sequence.
<argument> ...alues of the outcome variable. \sym 
                                                  {***} \(p<0.01\), \sym {**...
l.18  \\ }} \\ \end{tabularx}
                              \\ \end{adjustbox} \\ \end{table}
The control sequence at the end of the top line
of your error message was never \def'ed. If you have
misspelled it (e.g., `\hobx'), type `I' and the correct
spelling (e.g., `I\hbox'). Otherwise just continue,
and I'll forget about whatever was undefined.

/Users/MUNCHFA/Documents/GitHub//cf_paper/Tables/business/rt_business_sales_paper.tex:18: Undefined control sequence.
<argument> ...riable. \sym {***} \(p<0.01\), \sym 
                                                  {**} \(p<0.05\), \sym {*} ...
l.18  \\ }} \\ \end{tabularx}
                              \\ \end{adjustbox} \\ \end{table}
The control sequence at the end of the top line
of your error message was never \def'ed. If you have
misspelled it (e.g., `\hobx'), type `I' and the correct
spelling (e.g., `I\hbox'). Otherwise just continue,
and I'll forget about whatever was undefined.

/Users/MUNCHFA/Documents/GitHub//cf_paper/Tables/business/rt_business_sales_paper.tex:18: Undefined control sequence.
<argument> ...<0.01\), \sym {**} \(p<0.05\), \sym 
                                                  {*} \(p<0.1\) denote the s...
l.18  \\ }} \\ \end{tabularx}
                              \\ \end{adjustbox} \\ \end{table}
The control sequence at the end of the top line
of your error message was never \def'ed. If you have
misspelled it (e.g., `\hobx'), type `I' and the correct
spelling (e.g., `I\hbox'). Otherwise just continue,
and I'll forget about whatever was undefined.

/Users/MUNCHFA/Documents/GitHub//cf_paper/Tables/business/rt_business_sales_paper.tex:18: Undefined control sequence.
<inserted text> ...\\[-1ex] Treatment & 0.915\sym 
                                                  {*} & 0.911 & 1.017 \\ & (...
l.18  \\ }} \\ \end{tabularx}
                              \\ \end{adjustbox} \\ \end{table}
The control sequence at the end of the top line
of your error message was never \def'ed. If you have
misspelled it (e.g., `\hobx'), type `I' and the correct
spelling (e.g., `I\hbox'). Otherwise just continue,
and I'll forget about whatever was undefined.

/Users/MUNCHFA/Documents/GitHub//cf_paper/Tables/business/rt_business_sales_paper.tex:18: Undefined control sequence.
<inserted text> ... Consortium member & 1.518\sym 
                                                  {**} & 1.500 & 1.710 \\ & ...
l.18  \\ }} \\ \end{tabularx}
                              \\ \end{adjustbox} \\ \end{table}
The control sequence at the end of the top line
of your error message was never \def'ed. If you have
misspelled it (e.g., `\hobx'), type `I' and the correct
spelling (e.g., `I\hbox'). Otherwise just continue,
and I'll forget about whatever was undefined.

/Users/MUNCHFA/Documents/GitHub//cf_paper/Tables/business/rt_business_sales_paper.tex:18: Undefined control sequence.
<argument> ...alues of the outcome variable. \sym 
                                                  {***} \(p<0.01\), \sym {**...
l.18  \\ }} \\ \end{tabularx}
                              \\ \end{adjustbox} \\ \end{table}
The control sequence at the end of the top line
of your error message was never \def'ed. If you have
misspelled it (e.g., `\hobx'), type `I' and the correct
spelling (e.g., `I\hbox'). Otherwise just continue,
and I'll forget about whatever was undefined.

/Users/MUNCHFA/Documents/GitHub//cf_paper/Tables/business/rt_business_sales_paper.tex:18: Undefined control sequence.
<argument> ...riable. \sym {***} \(p<0.01\), \sym 
                                                  {**} \(p<0.05\), \sym {*} ...
l.18  \\ }} \\ \end{tabularx}
                              \\ \end{adjustbox} \\ \end{table}
The control sequence at the end of the top line
of your error message was never \def'ed. If you have
misspelled it (e.g., `\hobx'), type `I' and the correct
spelling (e.g., `I\hbox'). Otherwise just continue,
and I'll forget about whatever was undefined.

/Users/MUNCHFA/Documents/GitHub//cf_paper/Tables/business/rt_business_sales_paper.tex:18: Undefined control sequence.
<argument> ...<0.01\), \sym {**} \(p<0.05\), \sym 
                                                  {*} \(p<0.1\) denote the s...
l.18  \\ }} \\ \end{tabularx}
                              \\ \end{adjustbox} \\ \end{table}
The control sequence at the end of the top line
of your error message was never \def'ed. If you have
misspelled it (e.g., `\hobx'), type `I' and the correct
spelling (e.g., `I\hbox'). Otherwise just continue,
and I'll forget about whatever was undefined.

/Users/MUNCHFA/Documents/GitHub//cf_paper/Tables/business/rt_business_sales_paper.tex:18: Undefined control sequence.
<inserted text> ...\\[-1ex] Treatment & 0.915\sym 
                                                  {*} & 0.911 & 1.017 \\ & (...
l.18  \\ }} \\ \end{tabularx}
                              \\ \end{adjustbox} \\ \end{table}
The control sequence at the end of the top line
of your error message was never \def'ed. If you have
misspelled it (e.g., `\hobx'), type `I' and the correct
spelling (e.g., `I\hbox'). Otherwise just continue,
and I'll forget about whatever was undefined.

/Users/MUNCHFA/Documents/GitHub//cf_paper/Tables/business/rt_business_sales_paper.tex:18: Undefined control sequence.
<inserted text> ... Consortium member & 1.518\sym 
                                                  {**} & 1.500 & 1.710 \\ & ...
l.18  \\ }} \\ \end{tabularx}
                              \\ \end{adjustbox} \\ \end{table}
The control sequence at the end of the top line
of your error message was never \def'ed. If you have
misspelled it (e.g., `\hobx'), type `I' and the correct
spelling (e.g., `I\hbox'). Otherwise just continue,
and I'll forget about whatever was undefined.


Package natbib Warning: Citation `Bruhn.2009' on page 1 undefined on input line 18.


Package natbib Warning: Citation `Cai.2018' on page 1 undefined on input line 18.

/Users/MUNCHFA/Documents/GitHub//cf_paper/Tables/business/rt_business_sales_paper.tex:18: Undefined control sequence.
<argument> ...alues of the outcome variable. \sym 
                                                  {***} \(p<0.01\), \sym {**...
l.18  \\ }} \\ \end{tabularx}
                              \\ \end{adjustbox} \\ \end{table}
The control sequence at the end of the top line
of your error message was never \def'ed. If you have
misspelled it (e.g., `\hobx'), type `I' and the correct
spelling (e.g., `I\hbox'). Otherwise just continue,
and I'll forget about whatever was undefined.

/Users/MUNCHFA/Documents/GitHub//cf_paper/Tables/business/rt_business_sales_paper.tex:18: Undefined control sequence.
<argument> ...riable. \sym {***} \(p<0.01\), \sym 
                                                  {**} \(p<0.05\), \sym {*} ...
l.18  \\ }} \\ \end{tabularx}
                              \\ \end{adjustbox} \\ \end{table}
The control sequence at the end of the top line
of your error message was never \def'ed. If you have
misspelled it (e.g., `\hobx'), type `I' and the correct
spelling (e.g., `I\hbox'). Otherwise just continue,
and I'll forget about whatever was undefined.

/Users/MUNCHFA/Documents/GitHub//cf_paper/Tables/business/rt_business_sales_paper.tex:18: Undefined control sequence.
<argument> ...<0.01\), \sym {**} \(p<0.05\), \sym 
                                                  {*} \(p<0.1\) denote the s...
l.18  \\ }} \\ \end{tabularx}
                              \\ \end{adjustbox} \\ \end{table}
The control sequence at the end of the top line
of your error message was never \def'ed. If you have
misspelled it (e.g., `\hobx'), type `I' and the correct
spelling (e.g., `I\hbox'). Otherwise just continue,
and I'll forget about whatever was undefined.


Underfull \hbox (badness 10000) in paragraph at lines 18--18

 []


/Users/MUNCHFA/Documents/GitHub//cf_paper/Tables/business/rt_business_sales_paper.tex:18: LaTeX Error: Something's wrong--perhaps a missing \item.

See the LaTeX manual or LaTeX Companion for explanation.
Type  H <return>  for immediate help.
 ...                                              
                                                  
l.18  \\ }} \\ \end{tabularx} \\ 
                                 \end{adjustbox} \\ \end{table}
Try typing  <return>  to proceed.
If that doesn't work, type  X <return>  to quit.

) (/Users/MUNCHFA/Documents/GitHub//cf_paper/Tables/business/rt_business_profit_paper.tex

/Users/MUNCHFA/Documents/GitHub//cf_paper/Tables/business/rt_business_profit_paper.tex:1: LaTeX Error: Not in outer par mode.

See the LaTeX manual or LaTeX Companion for explanation.
Type  H <return>  for immediate help.
 ...                                              
                                                  
l.1 \begin{table}[!h]
                      \centering \\ \caption{Business Performance: Profits, ...
You've lost some text.  Try typing  <return>  to proceed.
If that doesn't work, type  X <return>  to quit.


/Users/MUNCHFA/Documents/GitHub//cf_paper/Tables/business/rt_business_profit_paper.tex:1: LaTeX Error: There's no line here to end.

See the LaTeX manual or LaTeX Companion for explanation.
Type  H <return>  for immediate help.
 ...                                              
                                                  
l.1 \begin{table}[!h] \centering \\
                                    \caption{Business Performance: Profits, ...
Your command was ignored.
Type  I <command> <return>  to replace it with another command,
or  <return>  to continue without it.


/Users/MUNCHFA/Documents/GitHub//cf_paper/Tables/business/rt_business_profit_paper.tex:1: LaTeX Error: There's no line here to end.

See the LaTeX manual or LaTeX Companion for explanation.
Type  H <return>  for immediate help.
 ...                                              
                                                  
l.1 ...ormance: Profits, Costs, and Employment} \\
                                                   \begin{adjustbox}{width=\...
Your command was ignored.
Type  I <command> <return>  to replace it with another command,
or  <return>  to continue without it.


/Users/MUNCHFA/Documents/GitHub//cf_paper/Tables/business/rt_business_profit_paper.tex:1: LaTeX Error: Something's wrong--perhaps a missing \item.

See the LaTeX manual or LaTeX Companion for explanation.
Type  H <return>  for immediate help.
 ...                                              
                                                  
l.1 ...n{adjustbox}{width=\columnwidth,center} \\ 
                                                  \begin{tabularx}{\linewidt...
Try typing  <return>  to proceed.
If that doesn't work, type  X <return>  to quit.

/Users/MUNCHFA/Documents/GitHub//cf_paper/Tables/business/rt_business_profit_paper.tex:18: Undefined control sequence.
<argument> ...alues of the outcome variable. \sym 
                                                  {***} \(p<0.01\), \sym {**...
l.18  \\ }} \\ \end{tabularx}
                              \\ \end{adjustbox} \\ \end{table}
The control sequence at the end of the top line
of your error message was never \def'ed. If you have
misspelled it (e.g., `\hobx'), type `I' and the correct
spelling (e.g., `I\hbox'). Otherwise just continue,
and I'll forget about whatever was undefined.

/Users/MUNCHFA/Documents/GitHub//cf_paper/Tables/business/rt_business_profit_paper.tex:18: Undefined control sequence.
<argument> ...riable. \sym {***} \(p<0.01\), \sym 
                                                  {**} \(p<0.05\), \sym {*} ...
l.18  \\ }} \\ \end{tabularx}
                              \\ \end{adjustbox} \\ \end{table}
The control sequence at the end of the top line
of your error message was never \def'ed. If you have
misspelled it (e.g., `\hobx'), type `I' and the correct
spelling (e.g., `I\hbox'). Otherwise just continue,
and I'll forget about whatever was undefined.

/Users/MUNCHFA/Documents/GitHub//cf_paper/Tables/business/rt_business_profit_paper.tex:18: Undefined control sequence.
<argument> ...<0.01\), \sym {**} \(p<0.05\), \sym 
                                                  {*} \(p<0.1\) denote the s...
l.18  \\ }} \\ \end{tabularx}
                              \\ \end{adjustbox} \\ \end{table}
The control sequence at the end of the top line
of your error message was never \def'ed. If you have
misspelled it (e.g., `\hobx'), type `I' and the correct
spelling (e.g., `I\hbox'). Otherwise just continue,
and I'll forget about whatever was undefined.

/Users/MUNCHFA/Documents/GitHub//cf_paper/Tables/business/rt_business_profit_paper.tex:18: Undefined control sequence.
<argument> ...alues of the outcome variable. \sym 
                                                  {***} \(p<0.01\), \sym {**...
l.18  \\ }} \\ \end{tabularx}
                              \\ \end{adjustbox} \\ \end{table}
The control sequence at the end of the top line
of your error message was never \def'ed. If you have
misspelled it (e.g., `\hobx'), type `I' and the correct
spelling (e.g., `I\hbox'). Otherwise just continue,
and I'll forget about whatever was undefined.

/Users/MUNCHFA/Documents/GitHub//cf_paper/Tables/business/rt_business_profit_paper.tex:18: Undefined control sequence.
<argument> ...riable. \sym {***} \(p<0.01\), \sym 
                                                  {**} \(p<0.05\), \sym {*} ...
l.18  \\ }} \\ \end{tabularx}
                              \\ \end{adjustbox} \\ \end{table}
The control sequence at the end of the top line
of your error message was never \def'ed. If you have
misspelled it (e.g., `\hobx'), type `I' and the correct
spelling (e.g., `I\hbox'). Otherwise just continue,
and I'll forget about whatever was undefined.

/Users/MUNCHFA/Documents/GitHub//cf_paper/Tables/business/rt_business_profit_paper.tex:18: Undefined control sequence.
<argument> ...<0.01\), \sym {**} \(p<0.05\), \sym 
                                                  {*} \(p<0.1\) denote the s...
l.18  \\ }} \\ \end{tabularx}
                              \\ \end{adjustbox} \\ \end{table}
The control sequence at the end of the top line
of your error message was never \def'ed. If you have
misspelled it (e.g., `\hobx'), type `I' and the correct
spelling (e.g., `I\hbox'). Otherwise just continue,
and I'll forget about whatever was undefined.


Package natbib Warning: Citation `Bruhn.2009' on page 1 undefined on input line 18.


Package natbib Warning: Citation `Cai.2018' on page 1 undefined on input line 18.

/Users/MUNCHFA/Documents/GitHub//cf_paper/Tables/business/rt_business_profit_paper.tex:18: Undefined control sequence.
<argument> ...alues of the outcome variable. \sym 
                                                  {***} \(p<0.01\), \sym {**...
l.18  \\ }} \\ \end{tabularx}
                              \\ \end{adjustbox} \\ \end{table}
The control sequence at the end of the top line
of your error message was never \def'ed. If you have
misspelled it (e.g., `\hobx'), type `I' and the correct
spelling (e.g., `I\hbox'). Otherwise just continue,
and I'll forget about whatever was undefined.

/Users/MUNCHFA/Documents/GitHub//cf_paper/Tables/business/rt_business_profit_paper.tex:18: Undefined control sequence.
<argument> ...riable. \sym {***} \(p<0.01\), \sym 
                                                  {**} \(p<0.05\), \sym {*} ...
l.18  \\ }} \\ \end{tabularx}
                              \\ \end{adjustbox} \\ \end{table}
The control sequence at the end of the top line
of your error message was never \def'ed. If you have
misspelled it (e.g., `\hobx'), type `I' and the correct
spelling (e.g., `I\hbox'). Otherwise just continue,
and I'll forget about whatever was undefined.

/Users/MUNCHFA/Documents/GitHub//cf_paper/Tables/business/rt_business_profit_paper.tex:18: Undefined control sequence.
<argument> ...<0.01\), \sym {**} \(p<0.05\), \sym 
                                                  {*} \(p<0.1\) denote the s...
l.18  \\ }} \\ \end{tabularx}
                              \\ \end{adjustbox} \\ \end{table}
The control sequence at the end of the top line
of your error message was never \def'ed. If you have
misspelled it (e.g., `\hobx'), type `I' and the correct
spelling (e.g., `I\hbox'). Otherwise just continue,
and I'll forget about whatever was undefined.


Underfull \hbox (badness 10000) in paragraph at lines 18--18

 []


/Users/MUNCHFA/Documents/GitHub//cf_paper/Tables/business/rt_business_profit_paper.tex:18: LaTeX Error: Something's wrong--perhaps a missing \item.

See the LaTeX manual or LaTeX Companion for explanation.
Type  H <return>  for immediate help.
 ...                                              
                                                  
l.18  \\ }} \\ \end{tabularx} \\ 
                                 \end{adjustbox} \\ \end{table}
Try typing  <return>  to proceed.
If that doesn't work, type  X <return>  to quit.

)

Package natbib Warning: There were undefined citations.


c:/Users/MUNCHFA/Documents/GitHub/giz-pema-consortias/master/cf_paper_tables_preview.tex:100: LaTeX Error: \begin{tabularx} on input line 1 ended by \end{document}.

See the LaTeX manual or LaTeX Companion for explanation.
Type  H <return>  for immediate help.
 ...                                              
                                                  
l.100 \end{document}
                    
Your command was ignored.
Type  I <command> <return>  to replace it with another command,
or  <return>  to continue without it.

c:/Users/MUNCHFA/Documents/GitHub/giz-pema-consortias/master/cf_paper_tables_preview.tex:100: Improper \prevdepth.
\newpage ...everypar {}\fi \par \ifdim \prevdepth 
                                                  >\z@ \vskip -\ifdim \prevd...
l.100 \end{document}
                    
You can refer to \spacefactor only in horizontal mode;
you can refer to \prevdepth only in vertical mode; and
neither of these is meaningful inside \write. So
I'm forgetting what you said and using zero instead.

c:/Users/MUNCHFA/Documents/GitHub/giz-pema-consortias/master/cf_paper_tables_preview.tex:100: Missing } inserted.
<inserted text> 
                }
l.100 \end{document}
                    
I've inserted something that you may have forgotten.
(See the <inserted text> above.)
With luck, this will get me unwedged. But if you
really didn't forget anything, try typing `2' now; then
my insertion and my current dilemma will both disappear.

c:/Users/MUNCHFA/Documents/GitHub/giz-pema-consortias/master/cf_paper_tables_preview.tex:100: Missing \endgroup inserted.
<inserted text> 
                \endgroup 
l.100 \end{document}
                    
I've inserted something that you may have forgotten.
(See the <inserted text> above.)
With luck, this will get me unwedged. But if you
really didn't forget anything, try typing `2' now; then
my insertion and my current dilemma will both disappear.

c:/Users/MUNCHFA/Documents/GitHub/giz-pema-consortias/master/cf_paper_tables_preview.tex:100: Missing } inserted.
<inserted text> 
                }
l.100 \end{document}
                    
I've inserted something that you may have forgotten.
(See the <inserted text> above.)
With luck, this will get me unwedged. But if you
really didn't forget anything, try typing `2' now; then
my insertion and my current dilemma will both disappear.

(./cf_paper_tables_preview.aux)

Package rerunfilecheck Warning: File `cf_paper_tables_preview.out' has changed.
(rerunfilecheck)                Rerun to get outlines right
(rerunfilecheck)                or use package `bookmark'.

Package rerunfilecheck Info: Checksums for `cf_paper_tables_preview.out':
(rerunfilecheck)             Before: <no file>
(rerunfilecheck)             After:  D41D8CD98F00B204E9800998ECF8427E;0.
c:/Users/MUNCHFA/Documents/GitHub/giz-pema-consortias/master/cf_paper_tables_preview.tex:100: You can't use `\end' in internal vertical mode.
\enddocument ...cument/end}\deadcycles \z@ \@@end 
                                                  
l.100 \end{document}
                    
Sorry, but I'm not programmed to handle this case;
I'll just pretend that you didn't ask for it.
If you're in the wrong mode, you might be able to
return to the right one by typing `I}' or `I$' or `I\par'.


c:/Users/MUNCHFA/Documents/GitHub/giz-pema-consortias/master/cf_paper_tables_preview.tex:100: LaTeX Error: \begin{adjustbox} on input line 1 ended by \end{document}.

See the LaTeX manual or LaTeX Companion for explanation.
Type  H <return>  for immediate help.
 ...                                              
                                                  
l.100 \end{document}
                    
Your command was ignored.
Type  I <command> <return>  to replace it with another command,
or  <return>  to continue without it.

)
! Emergency stop.
<*> ...a-consortias/master/cf_paper_tables_preview
                                                  
*** (job aborted, no legal \end found)

 
Here is how much of TeX's memory you used:
 14640 strings out of 476025
 240131 string characters out of 5794015
 1892382 words of memory out of 5000000
 34828 multiletter control sequences out of 15000+600000
 519363 words of font info for 60 fonts, out of 8000000 for 9000
 1141 hyphenation exceptions out of 8191
 89i,22n,92p,1145b,859s stack positions out of 10000i,1000n,20000p,200000b,200000s
!  ==> Fatal error occurred, no output PDF file produced!
